

=================================================================================
1470925493.04,-31.5,72.75,125.491615702
1470925493.13,-29.75,74.625,126.340316457
1470925493.21,-27.5,75.375,107.220433545
1470925493.35,-26.5,74.25,121.082951554
1470925493.79,86.5,181.125,103.048894885
1470925494.02,58.25,132.0,100.397439963
1470925494.07,28.25,119.25,128.707185455
1470925494.18,11.5,110.25,116.574437387
1470925494.22,-7.25,113.25,100.397439963
1470925494.27,1.0,111.75,112.530188031
1470925494.32,-10.75,114.0,128.707185455
1470925494.37,-2.25,110.25,100.397439963
1470925494.41,-7.25,108.75,96.6566691733
1470925494.47,-8.0,111.0,108.561808316
1470925494.52,-3.0,112.875,93.0151917865
1470925494.57,0.5,108.0,104.675154184
1470925494.63,-0.25,108.375,75.7178628901
1470925494.73,3.75,105.75,111.191282167
1470925494.79,7.0,108.0,100.874694062
1470925494.84,5.5,108.0,100.874694062
1470925494.88,10.0,104.25,100.874694062
1470925494.93,10.25,104.625,73.0897420678
1470925494.98,8.25,105.75,106.869393228
1470925495.02,8.75,105.75,84.2227531903
1470925495.07,11.0,100.125,80.2147795816
1470925495.21,12.0,101.625,104.213713425
1470925495.27,14.75,104.625,68.1972527248
1470925495.32,12.75,105.375,63.5987496735
1470925495.46,11.5,102.375,69.7133849442
1470925495.74,22.0,84.75,37.0813075506
1470925495.79,16.25,84.75,59.0375924505
1470925495.84,18.5,85.875,56.2917950595
1470925495.88,19.5,83.625,37.7811710464
1470925495.93,18.75,87.0,65.1714630729
1470925495.98,17.5,87.0,59.097570619
1470925496.02,21.0,88.875,50.2460713554
1470925496.15,18.5,87.75,41.5255925434
1470925496.19,22.0,84.0,37.2210001002
1470925496.27,23.0,82.5,35.370787358
1470925496.32,20.5,82.875,38.5469179207
1470925496.38,22.25,85.875,30.6886748924
1470925496.43,22.75,82.875,28.074253211
1470925496.47,19.75,80.25,31.6319064989
1470925496.54,22.75,75.0,18.655352485
1470925496.6,21.5,75.75,31.6637701526
1470925496.65,25.0,72.375,15.8849953829
1470925496.73,24.25,70.125,27.3533587772
1470925496.77,26.5,67.875,13.0062781488
1470925496.84,27.5,69.375,19.0663169532
1470925496.88,26.75,66.75,18.3166992021
1470925496.93,30.75,67.125,12.7130846357
1470925496.99,28.75,68.25,6.57778112175
1470925497.05,31.0,66.375,11.9671363925
1470925497.1,32.0,63.75,-0.19483445714
1470925497.15,29.5,66.0,11.3075294254
1470925497.23,34.75,67.875,4.09310912446
1470925497.27,34.5,70.5,-4.10330252448
1470925497.32,33.75,66.375,-0.321264218567
1470925497.37,36.0,69.375,1.21605412882
1470925497.43,35.25,66.375,-2.39110676049
1470925497.49,39.25,65.625,-3.69219495145
1470925497.54,39.0,68.625,-7.66588545513
1470925497.59,41.75,65.625,-7.04570919707
1470925497.65,39.75,68.625,-8.45878691846
1470925497.71,42.0,69.375,-18.4754511659
1470925497.77,44.75,64.5,-16.4039963405
1470925497.82,42.75,66.75,-12.6195969008
1470925497.88,45.0,63.0,-21.9107250958
1470925498.1,49.5,59.625,-27.6965929568
1470925498.19,53.25,59.25,-48.2183202104
1470925498.26,48.75,59.625,-30.4532978671
1470925498.38,52.75,47.625,-43.1641621689
1470925498.55,52.5,44.25,-47.7165050173
1470925498.68,50.0,45.375,-43.0762086099
1470925498.82,48.25,41.25,-50.82656889
1470925499.02,47.75,38.25,-48.9560464732
1470925499.18,19.25,37.125,-70.7430556017
1470925499.26,-17.25,19.875,-71.9214559248
1470925499.3,10.0,28.5,-61.0354419583
1470925499.35,11.25,27.0,-59.3214766063
1470925499.4,0.0,25.5,-57.2953021775
1470925499.44,5.5,27.75,-57.2953021775
1470925499.51,5.25,25.875,-62.9474017684
1470925499.56,0.25,25.125,-58.9678038113
1470925499.62,4.75,18.75,-61.4617303789
1470925499.68,0.75,15.75,-62.1495144594
1470925499.74,2.75,14.625,-60.3782372139
1470925499.79,0.5,19.875,-57.2245453435
1470925499.84,1.25,16.875,-59.7321068359
1470925499.9,0.75,18.0,-56.2822361483
1470925499.96,-1.5,19.875,-61.6563379309
1470925500.01,-0.75,20.625,-53.7944300083
1470925500.06,-3.0,17.625,-60.9949705051
1470925500.12,-2.25,16.875,-53.1237659005
1470925500.16,-4.5,12.375,-54.3971267961
1470925500.21,-7.25,10.125,-56.912615405
1470925500.27,-5.25,11.625,-51.0454939308
1470925500.32,-9.25,3.375,-49.6337912094
1470925500.38,-9.0,7.125,-50.8879915265
1470925500.43,-13.5,-1.125,-50.1560847639
1470925500.48,-12.0,-4.875,-44.0525497245
1470925500.54,-13.0,-1.125,-47.3287852325
1470925500.59,-15.75,-5.625,-43.9069871026
1470925500.63,-15.5,-6.0,-42.8101820252
1470925500.69,-18.25,-11.25,-38.1734084815
1470925500.74,-18.0,-10.5,-38.7116729144
1470925500.79,-17.25,-10.125,-37.5157384623
1470925500.85,-19.5,-12.75,-30.4526497888
1470925500.9,-18.75,-16.125,-33.2781755179
1470925500.94,-17.5,-10.875,-34.5623962648
1470925501.02,-17.5,-10.125,-28.4308566418
1470925501.09,-17.5,-7.5,-28.7937594795
1470925501.16,-15.75,-9.75,-24.6383750893
1470925501.23,-13.5,-7.875,-22.692101159
1470925501.29,-14.25,-7.125,-23.324552485
1470925501.34,-10.25,-8.25,-18.981055551
1470925501.38,-12.25,-8.25,-22.6964268942
1470925501.43,-10.0,-6.375,-21.8059269781
1470925501.48,-7.25,-5.625,-18.3512678301
1470925501.54,-5.75,-6.75,-19.8726381049
1470925501.6,-7.75,-8.625,-16.2598453185
1470925501.65,-0.25,-7.5,-11.9093744372
1470925501.71,-4.75,-5.625,-12.6982660769
1470925501.77,-0.75,-6.75,-14.2258838504
1470925501.84,-1.0,-8.625,-13.3192702642
1470925501.91,0.0,-9.375,-7.1632784394
1470925501.96,1.0,-10.125,-10.4903361619
1470925502.02,0.25,-7.125,-7.04576122587
1470925502.09,2.5,-6.375,-8.35960405326
1470925502.15,3.5,-5.625,-2.17456611496
1470925502.21,4.5,-6.75,-8.45903006477
1470925502.27,3.75,-4.875,-2.80676928226
1470925502.34,7.75,-2.25,-4.3472714996
1470925502.4,7.5,-2.625,-3.41787577289
1470925502.46,6.75,-1.875,0.0190122424883
1470925502.52,10.75,2.625,1.43183225322
1470925502.59,7.0,-0.75,-2.80700453464
1470925502.63,12.25,4.875,2.84460168193
1470925502.69,10.25,5.25,1.29533181173
1470925502.76,10.75,4.875,-0.473884433886
1470925502.82,13.0,11.25,4.76530267175
1470925502.87,10.5,10.5,0.69649117771
1470925502.91,10.5,10.125,3.74109546777
1470925502.98,10.5,10.875,4.53575023224
1470925503.04,12.25,13.5,5.11516304298
1470925503.09,11.0,11.25,2.94916769504
1470925503.15,7.5,13.125,6.14380737261
1470925503.21,11.75,12.0,6.74160583271
1470925503.26,10.5,13.875,7.81418013041
1470925503.3,12.25,12.75,2.24374078254
1470925503.35,12.75,10.875,10.9923459393
1470925503.4,11.5,8.25,6.16452178368
1470925503.44,13.25,3.0,9.36334677609
1470925503.51,12.0,7.5,6.96422803178
1470925503.57,15.5,5.625,10.4521744753
1470925503.65,13.0,8.625,11.363018793
1470925503.69,16.5,7.5,8.71791568023
1470925503.76,15.75,5.625,8.51351612633
1470925503.81,18.0,8.625,12.2956618151
1470925503.85,17.25,9.375,9.29361550805
1470925503.9,17.75,10.125,9.78433613973
1470925503.96,18.25,12.75,13.0273062316
1470925504.04,20.5,12.375,14.2157983761
1470925504.09,21.5,11.25,11.3819598673
1470925504.15,24.25,11.25,14.9739928642
1470925504.4,27.5,5.625,16.2174621282
1470925504.51,50.5,10.875,17.2487773432
1470925504.74,90.0,15.375,26.3051572236
1470925504.79,93.0,13.875,21.612460069
1470925505.01,85.0,16.5,18.3568354313
1470925505.15,116.5,23.625,31.483616461
1470925505.29,107.75,23.625,21.229007419
1470925505.35,104.75,48.375,30.8424146231
1470925505.44,100.5,46.5,23.8627160592
1470925505.49,97.25,48.75,28.3662293742
1470925505.55,99.5,53.25,24.988594388
1470925505.6,97.0,50.25,24.988594388
1470925505.65,98.75,48.0,29.5250486787
1470925505.71,99.25,46.125,26.8247329692
1470925505.76,98.0,43.5,26.2982142128
1470925505.81,101.5,38.25,26.2982142128
1470925505.85,100.75,39.0,21.6259403446
1470925505.91,99.5,37.5,25.1301457457
1470925505.99,106.5,22.875,20.0604269997
1470925506.07,108.5,18.0,23.8627160592
1470925506.13,107.0,17.625,28.9324348053
1470925506.18,111.5,13.875,20.0604269997
1470925506.24,110.0,15.75,23.8627160592
1470925506.29,114.5,16.125,28.9324348053
1470925506.34,111.25,17.25,20.4987820298
1470925506.38,117.0,19.125,19.0663169532
1470925506.43,112.0,18.0,22.7458078509
1470925506.49,115.5,18.0,22.7458078509
1470925506.55,120.0,14.25,22.7458078509
1470925506.6,118.5,16.5,22.7458078509
1470925506.65,116.0,16.5,22.7458078509
1470925506.69,123.0,14.625,17.9071759325
1470925506.74,118.0,12.0,21.5361498713
1470925506.8,121.5,14.25,21.5361498713
1470925506.87,122.5,14.25,21.5361498713
1470925506.93,123.5,8.625,16.7657875632
1470925506.99,124.5,6.375,15.6421592714
1470925507.06,123.75,9.75,23.1807232673
1470925507.1,124.25,9.75,16.1588238045
1470925507.16,123.0,9.75,19.1682092885
1470925507.23,119.5,7.875,14.5362629067
1470925507.27,118.5,7.125,22.6421690749
1470925507.34,117.5,6.375,14.5362629067
1470925507.4,116.5,3.75,18.0102226931
1470925507.44,112.0,7.875,22.6421690749
1470925507.51,117.0,8.625,14.5362629067
1470925507.57,108.25,11.25,14.1601524324
1470925507.65,109.25,9.0,20.8977753886
1470925507.69,107.75,5.25,5.36392751985
1470925507.76,104.5,3.75,14.8486488998
1470925507.82,106.0,6.0,14.8486488998
1470925507.87,98.0,7.875,19.2142780666
1470925507.93,96.75,8.625,8.000771915
1470925507.99,96.0,11.25,13.9552351224
1470925508.05,81.75,16.5,10.4019536915
1470925508.12,83.25,17.625,5.58415164415
1470925508.16,85.0,14.25,11.1962239845
1470925508.24,76.0,10.5,11.1962239845
1470925508.3,68.5,-2.25,4.42702544721
1470925508.37,79.25,-0.75,6.15549011643
1470925508.43,80.5,-9.375,5.07999357854
1470925508.48,80.5,-22.125,4.22588722346
1470925508.52,82.25,-19.125,7.20474867303
1470925508.59,88.0,-34.125,3.51578643076
1470925508.63,91.75,-40.5,2.99664374284
1470925508.68,87.25,-33.0,2.24374078254
1470925508.74,94.75,-36.375,-1.64590128242
1470925508.8,99.0,-40.5,3.00495997826
1470925508.85,100.25,-43.5,0.056797971821
1470925508.9,94.0,-39.0,2.26791947665
1470925508.96,101.0,-42.75,2.26791947665
1470925509.01,106.5,-38.625,-0.761851272245
1470925509.07,107.75,-32.25,-1.33414218415
1470925509.12,112.0,-33.0,0.799322046033
1470925509.18,109.75,-33.375,-4.88827607004
1470925509.26,123.5,-34.5,-0.622577482985
1470925509.46,111.0,-34.5,-0.622577482985
1470925509.57,156.5,-77.625,-14.8220357353
1470925509.74,185.25,-96.75,-12.7362038944
1470925509.85,183.5,-73.5,-12.1951540332
1470925509.91,167.5,-71.25,-7.78382538942
1470925510.04,178.5,-71.25,-7.78382538942
1470925510.16,231.75,-60.0,-11.1171402141
1470925510.35,247.75,-63.0,-12.1429510775
1470925510.51,220.75,-55.875,-3.86763870555
1470925510.6,235.0,-29.625,-6.2013782497
1470925510.66,237.75,-15.0,-5.16751414932
1470925510.72,233.75,4.125,-1.39771213465
1470925510.79,230.25,8.625,-6.39717679741
1470925510.85,228.25,6.75,-3.43971265501
1470925510.91,228.75,33.375,0.373412428468
1470925510.98,227.5,49.5,-3.8152730712
1470925511.04,222.25,62.625,1.7671878163
1470925511.1,224.25,76.875,3.1602231647
1470925511.16,220.25,89.25,1.27909700956
1470925511.23,213.5,100.875,2.83150155874
1470925511.29,212.25,111.75,-1.96283200147
1470925511.35,208.0,120.0,-0.212218520622
1470925511.41,212.0,117.375,3.03842735967
1470925511.47,197.0,139.5,-4.21720935054
1470925511.54,202.5,125.25,-0.603970125547
1470925511.6,195.25,134.25,-3.05113769131
1470925511.66,188.25,138.75,-3.69351495007
1470925511.73,185.5,147.0,-1.83520025026
1470925511.8,181.5,143.625,-9.97018078941
1470925511.87,168.75,134.625,-9.4972535301
1470925511.93,172.75,128.625,-10.9052596604
1470925511.99,172.75,132.375,-12.3134535355
1470925512.05,161.5,124.125,-16.2825409999
1470925512.12,156.5,120.375,-13.2098360158
1470925512.18,151.5,120.375,-19.1082809308
1470925512.23,146.5,118.125,-21.1922147564
1470925512.27,139.75,119.625,-20.6571856564
1470925512.32,144.75,124.5,-19.0513441727
1470925512.38,138.75,122.25,-19.730942681
1470925512.43,130.0,122.25,-29.0398435779
1470925512.47,125.0,107.25,-31.8646707354
1470925512.54,128.75,106.875,-29.0409515969
1470925512.6,121.0,95.625,-27.7900021279
1470925512.65,122.25,85.125,-37.2135321506
1470925512.71,121.5,71.25,-39.7519054012
1470925512.77,126.5,72.0,-36.5760404366
1470925512.84,124.75,52.875,-44.2524049376
1470925512.9,127.75,34.125,-52.4539745427
1470925512.96,126.5,18.0,-51.0442838621
1470925513.02,128.25,-10.125,-48.2220903789
1470925513.07,127.0,-43.5,-66.5726939009
1470925513.13,130.5,-59.625,-52.6338910602
1470925513.19,129.75,-53.25,-53.0310297787
1470925513.26,130.25,-93.75,-65.0075813148
1470925513.3,132.5,-112.5,-65.834633266
1470925513.37,130.0,-103.5,-57.3608386695
1470925513.43,140.5,-148.125,-65.6988031479
1470925513.49,136.5,-143.25,-59.4453297891
1470925513.55,137.5,-138.375,-67.8018030471
1470925513.62,140.25,-153.0,-58.431290503
1470925513.68,143.5,-156.375,-57.8668628155
1470925513.76,150.75,-163.125,-59.9500107475
1470925513.82,159.5,-171.75,-60.0142849855
1470925513.88,180.25,-181.125,-48.7886310208
1470925513.94,170.5,-172.5,-57.2078714943
1470925514.01,192.0,-174.0,-51.6994938053
1470925514.07,206.25,-175.5,-41.7939807172
1470925514.13,215.0,-173.25,-41.571667858
1470925514.19,228.5,-167.625,-41.3446976553
1470925514.26,218.5,-163.5,-42.3296020083
1470925514.32,262.0,-132.375,-26.7571413294
1470925514.37,257.0,-118.125,-28.1323987461
1470925514.41,246.0,-118.875,-29.9518150403
1470925514.46,267.5,-88.125,-16.7296809258
1470925514.51,259.0,-93.375,-23.1720627698
1470925514.57,263.0,-85.125,-21.1980400466
1470925514.63,272.25,-56.25,-13.6470838984
1470925514.68,276.0,-43.5,-12.6422081351
1470925514.74,275.75,-26.625,-4.28024412184
1470925514.8,274.0,-9.0,-5.68670744562
1470925514.87,270.75,-11.25,-5.20366669617
1470925514.93,269.5,14.625,-3.97809017301
1470925514.99,267.75,28.5,-1.01731785268
1470925515.05,267.25,36.0,1.19172676919
1470925515.12,263.25,36.75,-3.16785485236
1470925515.18,261.75,34.875,0.683038651207
1470925515.24,258.5,36.75,3.09433812714
1470925515.3,253.0,37.875,1.42517920405
1470925515.37,248.25,28.875,4.55934001277
1470925515.43,243.0,21.0,0.371319306329
1470925515.48,237.25,18.375,6.09770543547
1470925515.54,238.0,22.125,0.289943643815
1470925515.69,182.5,12.0,8.16548024029
1470925515.94,185.5,16.875,6.55434554818
1470925516.02,96.5,1.125,8.66435675245
1470925516.18,106.25,11.25,8.10606400619
1470925516.3,77.75,22.5,9.8819196257
1470925516.37,71.75,30.75,10.0327680527
1470925516.44,77.75,31.125,8.06674232366
1470925516.63,22.5,44.25,1.34775641938
1470925516.73,-8.5,31.125,9.55618994647
1470925516.79,40.75,32.25,10.3075420975
1470925516.85,22.25,39.75,4.54111136956
1470925516.9,12.0,40.875,10.4399751435
1470925516.94,6.5,37.5,7.86932290415
1470925517.01,19.5,35.625,4.44178658506
1470925517.05,14.0,33.0,7.01243882438
1470925517.12,9.25,35.25,3.74578266684
1470925517.18,7.5,35.25,6.19577478499
1470925517.23,11.5,37.125,9.52678330609
1470925517.27,14.0,36.0,7.02852691527
1470925517.34,10.5,41.625,3.69751839417
1470925517.38,11.25,45.75,9.46243094254
1470925517.43,12.5,52.5,0.508600477345
1470925517.54,12.5,49.5,5.38647923762
1470925517.59,12.5,41.625,2.17968572014
1470925517.63,10.75,35.625,-1.62274909413
1470925517.68,12.0,37.5,3.03289837016
1470925517.76,12.0,32.25,3.03289837016
1470925517.8,13.75,33.0,-5.90140692634
1470925517.85,12.5,39.0,0.799322046033
1470925517.91,12.5,36.75,0.799322046033
1470925517.96,14.25,38.625,-4.88827607004
1470925518.01,16.5,33.75,-0.622577482985
1470925518.05,19.25,24.75,-9.16700893025
1470925518.12,19.0,27.75,-2.7586853448
1470925518.16,27.0,22.5,-8.31865574818
1470925518.23,28.25,19.5,-12.668439925
1470925518.29,30.75,14.625,-11.9347249728
1470925518.35,29.75,14.625,-7.6470282478
1470925518.41,40.0,4.875,-16.1776576086
1470925518.48,45.75,-4.125,-15.4620266659
1470925518.55,57.25,-18.375,-16.8762023403
1470925518.62,60.25,-18.75,-21.1081731851
1470925518.68,69.25,-26.625,-20.4091629285
1470925518.74,65.25,-22.125,-21.8233764909
1470925518.8,81.0,-24.375,-20.4193369951
1470925518.87,89.75,-22.875,-23.9470960417
1470925518.91,95.5,-27.375,-22.5627959804
1470925518.96,104.25,-27.75,-28.9523374142
1470925519.01,97.75,-27.375,-22.7084137216
1470925519.07,117.0,-37.5,-22.5914226434
1470925519.13,109.25,-34.5,-25.331045519
1470925519.18,125.0,-37.875,-26.1902452378
1470925519.24,118.0,-34.5,-24.0048075812
1470925519.29,143.75,-30.75,-27.2038974668
1470925519.34,128.75,-34.875,-25.1479358804
1470925519.4,143.5,-35.625,-21.8860619564
1470925519.46,149.5,-34.5,-24.1393297463
1470925519.52,141.5,-30.75,-24.1393297463
1470925519.59,152.25,-33.0,-21.4998770101
1470925519.63,156.75,-31.125,-17.8360178318
1470925519.69,150.75,-30.375,-22.4994596434
1470925519.77,159.25,-24.0,-19.6040285605
1470925519.84,157.5,-21.0,-10.2673288784
1470925519.9,152.5,-23.625,-21.8044716204
1470925519.96,154.25,-28.5,-10.769068962
1470925520.01,147.75,-30.0,-14.772488658
1470925520.07,148.0,-25.875,-13.5798255139
1470925520.13,145.25,-28.875,-10.2705722174
1470925520.18,142.0,-31.5,-14.4933860119
1470925520.24,134.75,-38.625,-8.86376899941
1470925520.3,136.5,-40.5,-13.0859817588
1470925520.37,125.75,-49.125,-7.45720303356
1470925520.41,119.5,-52.5,-11.6787870775
1470925520.46,119.75,-51.375,-6.05088584225
1470925520.52,100.5,-61.125,-7.17897805819
1470925520.57,89.0,-60.75,-3.36779991681
1470925520.62,111.5,-56.25,-7.965902485
1470925520.77,11.75,-39.375,3.73304144748
1470925520.91,-34.25,-10.125,6.58735233153
1470925520.98,4.0,-18.75,3.76299309936
1470925521.09,-31.75,-9.0,8.02124511861
1470925521.24,-42.5,-10.875,10.4598800895
1470925521.48,-22.75,-29.625,10.0595137941
1470925521.57,-41.5,-19.875,15.1031934757
1470925521.69,-25.25,-4.125,14.7053666854
1470925521.85,-45.25,21.375,16.7183446512
1470925521.91,-37.0,11.25,11.3075294254
1470925522.04,-45.25,17.625,18.8182925738
1470925522.16,-51.5,24.75,13.1852202125
1470925522.3,-51.25,25.125,12.711998421
1470925522.46,-82.75,40.125,13.5401365562
1470925522.51,-61.0,31.5,13.1852202125
1470925522.66,-85.75,48.0,17.4861415639
1470925522.79,-80.25,55.5,10.434560251
1470925522.93,-67.25,42.375,21.1602935366
1470925522.98,-66.75,41.625,7.41174130471
1470925523.02,-64.5,40.875,17.2116827062
1470925523.07,-53.0,38.25,14.2809041582
1470925523.24,-54.25,38.625,6.58450381876
1470925523.4,25.25,32.25,8.45742724929
1470925523.55,25.25,16.125,4.15022958832
1470925523.69,16.5,13.5,9.57402729758
1470925523.77,31.75,0.0,-0.865169765607
1470925523.9,31.0,-9.0,0.592454152464
1470925524.04,18.0,0.75,5.37128456195
1470925524.18,18.25,-2.625,-0.950325937787
1470925524.32,19.75,10.125,-2.30096790446
1470925524.48,42.25,4.5,-6.52840342926
1470925524.62,44.5,6.375,-2.84563353173
1470925524.69,54.0,16.5,-0.659779320303
1470925524.76,52.25,11.625,-6.31321449802
1470925524.84,63.75,14.25,-5.2983076557
1470925524.9,52.75,10.125,-8.52635670626
1470925524.96,59.5,0.0,-4.29116205155
1470925525.02,60.75,-12.0,-12.9357097902
1470925525.09,59.75,-15.75,-9.10256983774
1470925525.16,61.25,-21.75,-9.79070146041
1470925525.23,59.25,-24.0,-10.4846440908
1470925525.29,59.75,-24.75,-11.1842649748
1470925525.35,62.0,-29.625,-12.0675091703
1470925525.41,59.5,-31.5,-15.3493576576
1470925525.48,61.25,-34.5,-19.7994470943
1470925525.54,60.0,-37.5,-13.3809402394
1470925525.6,61.75,-34.875,-19.0352377186
1470925525.66,58.75,-28.125,-20.4488872381
1470925525.73,61.75,-25.875,-21.8625522804
1470925525.79,62.25,-34.875,-23.2762322157
1470925525.85,64.5,-37.125,-21.9528512214
1470925525.91,65.5,-33.75,-19.7647232242
1470925525.98,66.5,-39.375,-22.7008551723
1470925526.04,74.5,-41.625,-23.4531109189
1470925526.1,75.75,-36.375,-26.8875269525
1470925526.16,78.25,-35.625,-28.3002537122
1470925526.22,80.75,-33.0,-26.7636274351
1470925526.27,85.0,-31.5,-24.7377677822
1470925526.34,84.5,-26.25,-24.7377677822
1470925526.4,91.75,-17.625,-24.546771159
1470925526.46,98.75,-8.625,-30.3448354712
1470925526.52,105.0,-5.625,-23.2098867146
1470925526.59,101.25,-7.875,-25.532067559
1470925526.65,124.75,5.625,-25.2664109927
1470925526.73,124.5,-2.625,-22.5046432853
1470925526.79,132.25,-5.625,-19.0050279431
1470925526.85,140.5,-2.625,-20.3898581898
1470925526.91,151.0,-3.75,-16.9553108686
1470925526.98,160.75,-11.25,-18.3804115015
1470925527.04,172.75,-14.25,-17.7119168044
1470925527.12,182.25,-15.375,-14.1114733983
1470925527.18,195.25,-13.875,-12.6982660769
1470925527.26,223.25,-12.75,-2.92350227247
1470925527.32,219.5,-12.75,-8.08768948335
1470925527.38,231.25,-10.875,-6.45176716527
1470925527.44,220.75,-12.0,-8.05227679951
1470925527.51,241.0,-8.25,1.25671598725
1470925527.57,248.25,2.625,-1.56512789335
1470925527.62,253.25,13.5,-3.19891637291
1470925527.66,257.25,17.25,3.53719502635
1470925527.74,260.25,23.25,4.70555428036
1470925527.8,255.25,23.625,4.57586455908
1470925527.85,264.75,29.25,-2.1799706397
1470925527.9,267.5,28.125,8.02721005454
1470925527.96,262.75,28.5,4.41948920415
1470925528.01,267.75,35.625,8.52782496778
1470925528.07,265.0,39.375,13.0892207296
1470925528.13,266.0,48.75,6.25054946471
1470925528.18,261.75,56.625,10.7873043607
1470925528.24,263.0,55.875,11.3277166428
1470925528.3,257.75,70.875,15.308964629
1470925528.35,251.0,81.0,10.1051032589
1470925528.4,253.25,76.875,17.317169645
1470925528.46,250.0,82.5,11.9081198554
1470925528.52,241.0,88.875,16.2680844139
1470925528.59,231.75,92.25,16.140028457
1470925528.65,222.75,91.125,15.0791154304
1470925528.71,198.75,99.0,17.3641671437
1470925528.77,213.5,101.625,19.5570680539
1470925528.84,172.75,122.25,12.7041289694
1470925528.9,193.25,117.75,18.6127802744
1470925528.96,166.0,126.0,16.0805011437
1470925529.02,153.25,130.125,17.2989163525
1470925529.1,140.0,137.25,16.3851049459
1470925529.15,126.25,143.25,12.8916860838
1470925529.19,112.0,138.0,8.55884083932
1470925529.26,120.0,135.75,13.7735228826
1470925529.3,85.0,126.375,18.0740269512
1470925529.37,96.25,122.625,7.09354459001
1470925529.43,62.5,105.75,6.05527747112
1470925529.49,49.25,87.375,4.00763948045
1470925529.55,61.0,91.5,9.39907785851
1470925529.62,-7.25,38.625,2.48769793133
1470925529.82,-51.0,15.75,7.67123287671
1470925529.88,-91.5,-27.0,7.67123287671
1470925530.02,-54.5,-13.5,0.525365787345
1470925530.16,-92.0,-70.125,8.1653669402
1470925530.3,-75.25,-95.25,9.36249180759
1470925530.44,-77.75,-84.375,13.9758364027
1470925530.62,-94.0,-48.375,20.8778577264
1470925530.77,-118.0,-36.0,20.1818345277
1470925530.85,-91.75,-68.25,17.528890232
1470925530.9,-83.75,-72.0,18.4404804779
1470925530.94,-81.5,-68.625,20.2388861229
1470925531.01,-78.75,-82.125,25.3040788548
1470925531.09,-68.5,-92.625,23.7505195822
1470925531.16,-62.75,-100.875,19.2908170852
1470925531.24,-44.25,-118.5,16.059485908
1470925531.3,-44.5,-115.5,18.9782771835
1470925531.38,-35.0,-115.875,14.2811914423
1470925531.44,-29.75,-112.125,18.6288735276
1470925531.51,-25.0,-107.25,18.0102226931
1470925531.59,-20.75,-94.5,14.1601524324
1470925531.65,-15.25,-90.375,8.91987024351
1470925531.73,-8.0,-83.25,15.0157464068
1470925531.79,6.75,-71.625,7.2204198382
1470925531.85,-4.0,-78.375,9.00167885183
1470925531.91,14.75,-66.75,8.63307857876
1470925531.98,24.0,-58.875,7.29700768457
1470925532.05,35.5,-52.125,0.0206717782408
1470925532.1,62.0,-32.25,7.67123287671
1470925532.16,44.5,-40.875,4.07503387971
1470925532.21,65.25,-31.5,-3.15323879655
1470925532.27,57.25,-36.75,7.16363121221
1470925532.34,72.25,-31.5,2.13622497215
1470925532.4,79.75,-17.25,7.16363121221
1470925532.46,78.5,-2.25,-0.721999114125
1470925532.52,88.75,13.875,3.06436221723
1470925532.59,90.0,24.75,3.44829427297
1470925532.66,95.0,36.75,-3.1599448015
1470925532.73,96.5,45.0,1.79623450436
1470925532.79,100.5,53.625,-1.44186645089
1470925532.85,99.25,54.0,3.53224179878
1470925532.91,103.5,60.0,-3.4600221874
1470925532.98,104.75,60.375,-0.30429419602
1470925533.04,107.25,62.25,-2.28486077721
1470925533.1,104.5,67.125,2.69953662034
1470925533.16,109.0,72.75,0.352313752292
1470925533.23,109.25,71.625,-5.27908732343
1470925533.29,112.5,72.0,-1.05553651664
1470925533.35,111.0,69.75,-1.05553651664
1470925533.41,108.5,69.75,-1.05553651664
1470925533.48,112.0,62.25,-1.05553651664
1470925533.54,109.5,55.5,-7.31183150184
1470925533.6,113.0,49.125,0.518029787782
1470925533.66,112.25,40.125,-7.45685959573
1470925533.73,112.75,39.0,-5.75393628031
1470925533.79,113.25,34.5,-6.41091485803
1470925533.85,113.75,33.75,-1.96246828031
1470925533.9,112.5,34.5,-3.86894538505
1470925533.96,114.25,27.375,-9.4972535301
1470925534.02,113.0,16.125,-2.18968374923
1470925534.09,111.25,-1.875,-10.13767248
1470925534.15,109.0,-5.625,-2.84948801361
1470925534.21,109.75,-17.625,-4.72387051861
1470925534.27,105.75,-27.375,-4.71175469852
1470925534.35,104.25,-33.375,0.690863465827
1470925534.43,102.75,-37.875,-3.3069205454
1470925534.49,103.0,-35.25,-3.48652585897
1470925534.55,103.75,-30.75,-0.768440561661
1470925534.62,101.5,-28.875,-5.76456358336
1470925534.74,93.5,-26.25,7.7522057607
1470925534.99,90.5,-19.125,2.24025922482
1470925535.04,85.75,24.0,8.8524071998
1470925535.09,92.75,6.0,5.11516304298
1470925535.24,88.75,16.125,9.13758559089
1470925535.38,87.25,43.5,7.51125737912
1470925535.51,92.75,17.25,2.23503326142
1470925535.63,95.0,21.375,7.81418013041
1470925535.74,101.25,24.0,8.43122304804
1470925535.84,98.5,18.0,6.10211763153
1470925535.93,99.5,16.5,6.10211763153
1470925535.99,102.25,0.0,2.99664374284
1470925536.07,100.25,5.625,11.8796646491
1470925536.13,100.75,3.375,0.410312542076
1470925536.19,101.25,4.875,11.8796646491
1470925536.26,101.75,4.125,0.410312542076
1470925536.32,102.25,1.5,8.43122304804
1470925536.37,106.25,0.0,2.99664374284
1470925536.43,104.25,2.25,8.43122304804
1470925536.49,106.5,4.125,9.55055923255
1470925536.57,112.75,3.0,3.76540303938
1470925536.63,113.5,-0.75,6.16452178368
1470925536.69,113.75,-6.0,2.99157289677
1470925536.76,115.25,-9.0,8.54423344887
1470925536.82,118.5,-4.5,6.16452178368
1470925536.88,120.5,-6.375,9.55618994647
1470925536.94,122.5,-7.125,3.62077066159
1470925537.01,124.5,-9.75,6.16452178368
1470925537.07,123.0,-9.375,9.55618994647
1470925537.16,127.5,-8.25,7.01243882438
1470925537.22,129.5,-8.25,13.6299466939
1470925537.31,126.25,-10.125,1.85646475187
1470925537.37,130.25,-22.125,13.7745790717
1470925537.43,126.5,-14.25,8.66681579175
1470925537.49,131.75,-27.375,15.748940749
1470925537.55,128.0,-23.25,10.4373470311
1470925537.62,126.25,-19.125,17.807831373
1470925537.68,125.75,-14.625,11.8968648764
1470925537.74,121.75,-14.25,15.7150821391
1470925537.8,120.25,-7.125,13.5401365562
1470925537.85,120.5,-1.5,13.1852202125
1470925537.91,117.75,-2.625,21.0109422409
1470925537.98,114.5,3.375,19.3743364892
1470925538.04,110.75,10.875,15.7658541784
1470925538.1,106.5,10.5,16.0913301661
1470925538.18,98.25,7.875,24.4120837915
1470925538.24,95.5,6.75,18.1715185725
1470925538.32,88.0,12.375,22.7309566682
1470925538.38,69.0,18.375,23.9343454555
1470925538.44,72.25,18.375,29.5818715949
1470925538.51,66.75,15.0,18.3166992021
1470925538.57,59.5,13.125,26.3857789011
1470925538.63,65.75,14.25,27.4131910417
1470925538.69,54.5,14.25,23.9723048168
1470925538.76,47.75,10.5,28.6036685327
1470925538.8,54.5,12.75,25.1301457457
1470925538.87,49.0,16.5,25.1301457457
1470925538.93,47.75,16.125,25.4709702645
1470925538.97,50.5,15.0,25.2153518754
1470925539.04,47.75,9.375,35.2302502143
1470925539.12,49.75,9.0,32.749293805
1470925539.18,47.5,11.25,28.9766307964
1470925539.24,46.5,15.0,28.9766307964
1470925539.3,49.0,16.5,28.9766307964
1470925539.37,45.5,18.0,28.9766307964
1470925539.43,48.0,23.25,28.9766307964
1470925539.49,46.25,22.5,34.0563236426
1470925539.55,45.75,29.625,30.639648321
1470925539.69,45.25,22.125,41.3725021013
1470925539.76,44.75,30.75,27.6220266833
1470925539.82,46.0,26.25,31.7318163321
1470925539.88,44.25,26.25,37.2115358637
1470925539.94,43.75,22.5,27.6220266833
1470925540.01,45.0,21.0,31.7318163321
1470925540.07,45.0,19.5,31.7318163321
1470925540.15,46.75,18.0,37.2115358637
1470925540.21,47.25,12.75,27.6220266833
1470925540.27,46.0,13.5,31.7318163321
1470925540.34,46.0,15.75,31.7318163321
1470925540.4,60.0,-8.625,26.1838613487
1470925540.46,57.0,-1.5,30.3448275862
1470925540.51,59.0,-2.625,35.8927825696
1470925540.59,59.25,-1.125,20.9640669693
1470925540.65,66.0,-3.75,29.0398789914
1470925540.71,69.0,-7.125,34.3909385961
1470925540.77,72.0,-7.5,30.3776438925
1470925540.84,75.0,-10.875,25.0265842878
1470925540.9,78.0,-11.25,29.0398789914
1470925541.09,84.5,-24.0,29.0398789914
1470925541.21,106.0,-60.0,18.7787394832
1470925541.37,99.25,-46.125,36.7357336225
1470925541.49,116.0,-47.625,23.8787820349
1470925541.54,103.0,-32.625,32.9107017087
1470925541.68,103.25,-12.0,23.7566688665
1470925541.8,97.75,-14.625,27.8411896285
1470925541.87,97.25,-20.625,27.6274915839
1470925541.97,82.75,-21.75,22.7411470768
1470925542.16,73.0,-19.875,21.4376251588
1470925542.22,70.5,-17.25,25.2153518754
1470925542.27,70.75,-15.75,30.0167575516
1470925542.32,67.25,-10.5,21.6142976183
1470925542.38,63.75,-5.625,35.2302502143
1470925542.43,62.0,-5.625,22.5055837975
1470925542.47,64.25,-5.25,31.2634782742
1470925542.54,62.75,-7.5,22.7798720597
1470925542.6,59.5,0.0,26.4157032945
1470925542.65,54.0,-0.75,26.4157032945
1470925542.69,58.0,-1.125,31.6291959572
1470925542.77,50.0,5.25,27.7190764602
1470925542.84,50.5,2.625,22.5055837975
1470925542.88,52.0,3.375,31.6291959572
1470925542.93,44.0,2.25,27.7190764602
1470925542.98,48.0,2.25,27.7190764602
1470925543.04,41.75,0.375,17.7041781213
1470925543.1,42.75,5.25,30.0167575516
1470925543.16,34.25,12.375,26.6512665738
1470925543.23,37.75,10.5,31.4525234977
1470925543.29,32.75,15.75,22.7411470768
1470925543.34,30.25,16.875,26.239030835
1470925543.4,26.0,21.0,26.4157032945
1470925543.46,30.0,20.25,26.4157032945
1470925543.51,23.75,25.5,31.2634782742
1470925543.57,21.25,24.75,22.7798720597
1470925543.63,20.5,26.25,26.4157032945
1470925543.68,20.25,25.875,16.6421093836
1470925543.72,20.5,24.75,23.9723048168
1470925543.77,16.0,26.625,28.9444930514
1470925543.82,17.5,23.625,20.2431636408
1470925543.87,16.5,24.75,23.9723048168
1470925543.91,13.75,24.75,19.3844565168
1470925543.97,14.0,21.0,22.8253427418
1470925544.04,14.75,23.25,18.2833212577
1470925544.09,12.5,21.375,17.096390996
1470925544.15,11.5,24.375,16.0042493705
1470925544.2,14.0,23.25,19.4071691754
1470925544.26,14.0,19.5,19.4071691754
1470925544.31,10.5,19.875,14.9273672474
1470925544.37,11.25,17.25,14.2248527944
1470925544.43,12.5,19.5,17.2716272187
1470925544.49,10.75,15.75,13.2454944055
1470925544.54,10.25,16.125,8.24652015536
1470925544.6,9.75,17.25,18.122110424
1470925544.66,9.25,13.5,11.3642056451
1470925544.73,8.75,10.125,6.5689567167
1470925544.79,10.0,7.875,16.2031806262
1470925544.84,11.75,7.5,9.5152823668
1470925544.9,10.5,4.125,8.60656142093
1470925544.97,12.25,3.75,7.78094173679
1470925545.05,14.5,2.25,3.34265874528
1470925545.15,15.5,4.5,8.71791568023
1470925545.19,18.25,6.375,1.89600825683
1470925545.26,18.0,3.375,3.62077066159
1470925545.32,17.25,6.375,-0.272577090438
1470925545.37,17.75,5.25,1.49778655262
1470925545.41,20.0,7.125,0.647194101982
1470925545.46,19.25,6.0,0.056797971821
1470925545.52,19.75,0.375,2.10491855297
1470925545.6,20.25,1.875,-3.63865005714
1470925545.66,19.0,3.0,0.760714420011
1470925545.73,22.5,4.875,-2.20711688254
1470925545.79,20.0,7.5,-5.43604788864
1470925545.85,21.75,7.125,-6.99990780007
1470925545.91,18.75,9.75,-11.3237083943
1470925546.04,18.25,15.0,-7.64503205098
1470925546.1,16.0,21.75,-11.4252179472
1470925546.18,18.5,18.75,-7.04596486914
1470925546.29,16.75,20.25,-9.76950058395
1470925546.46,19.75,16.125,-13.3808087755
1470925546.6,41.25,9.75,-23.20008394
1470925546.73,56.5,12.375,-21.0856224579
1470925546.9,69.0,7.875,-23.2162529079
1470925547.04,82.5,1.875,-19.7353037506
1470925547.15,81.25,-1.875,-23.2472519348
1470925547.26,62.5,3.75,-19.0050503762
1470925547.38,62.5,3.75,-19.0050503762
1470925547.44,137.75,-20.625,-24.6613356116
1470925547.51,91.0,-4.125,-23.2967104403
1470925547.57,98.25,-3.375,-15.4829267047
1470925547.63,103.5,-6.375,-22.6221056284
1470925547.69,100.5,-5.25,-20.4489920308
1470925547.76,111.25,-1.5,-17.7119168044
1470925547.82,103.5,0.0,-19.7647232242
1470925547.88,108.0,5.25,-19.7647232242
1470925547.93,104.75,12.0,-17.0491158767
1470925547.99,101.75,12.75,-16.39212621
1470925548.06,99.5,10.125,-15.4545015274
1470925548.12,100.25,7.125,-17.9594895354
1470925548.18,96.25,6.375,-17.4579991075
1470925548.24,87.75,16.875,-12.0214869057
1470925548.31,93.0,15.0,-16.2600644089
1470925548.37,86.75,24.0,-13.5704312008
1470925548.43,82.5,24.75,-15.5876561068
1470925548.49,76.0,24.0,-15.5876561068
1470925548.55,75.5,23.625,-12.6260141236
1470925548.62,74.25,26.25,-12.159736485
1470925548.69,70.0,33.375,-11.211771069
1470925548.76,70.5,33.375,-16.3980662749
1470925548.82,68.5,35.625,-11.211771069
1470925548.88,70.0,34.125,-10.4903361619
1470925548.96,65.5,25.5,-12.6984358013
1470925549.02,67.0,24.375,-15.6425686538
1470925549.09,67.75,29.625,-7.78353920732
1470925549.15,67.25,30.375,-17.6726663697
1470925549.21,68.5,34.875,-10.4903361619
1470925549.27,66.75,37.125,-18.351235946
1470925549.34,68.0,35.625,-17.0540749318
1470925549.4,68.0,28.875,-11.9048065167
1470925549.46,66.25,22.875,-14.3665658057
1470925549.52,65.75,15.375,-19.8245194388
1470925549.6,63.5,8.25,-15.5876561068
1470925549.68,59.0,6.0,-15.5876561068
1470925549.76,51.75,-4.125,-21.2370316795
1470925549.84,50.0,-1.5,-17.0
1470925549.9,47.0,-0.75,-17.0
1470925549.96,44.0,-4.125,-14.0402576355
1470925550.02,41.0,-6.375,-19.2198067734
1470925550.09,38.0,-12.375,-19.4868755797
1470925550.15,35.0,-18.0,-17.6217188949
1470925550.21,37.25,-22.5,-20.3777707786
1470925550.27,37.5,-19.5,-18.3107318659
1470925550.34,29.5,-47.25,-18.3107318659
1470925550.4,33.5,-42.375,-21.2091933029
1470925550.46,34.25,-58.875,-13.3808339043
1470925550.52,32.0,-64.875,-20.5404863861
1470925550.59,29.25,-69.375,-18.5953580688
1470925550.65,24.25,-74.25,-21.1060927703
1470925550.71,23.5,-74.625,-16.1481789089
1470925550.77,21.5,-67.125,-15.4326432766
1470925550.84,17.75,-62.625,-23.2762322157
1470925550.9,17.0,-64.125,-16.1368857881
1470925550.96,15.0,-65.25,-18.3107318659
1470925551.02,16.5,-65.25,-18.3107318659
1470925551.09,19.0,-59.625,-15.4317371626
1470925551.15,20.75,-63.0,-20.3885948362
1470925551.21,24.75,-55.5,-15.4927744554
1470925551.29,31.5,-56.25,-17.59098319
1470925551.35,39.75,-51.0,-20.3885948362
1470925551.41,53.0,-57.375,-15.4517849102
1470925551.48,60.0,-58.125,-20.4193369951
1470925551.54,53.0,-60.75,-18.2903861016
1470925551.6,73.5,-62.25,-18.2903861016
1470925551.66,83.25,-63.75,-15.4927744554
1470925551.73,88.25,-59.625,-23.2472519348
1470925551.79,97.5,-60.75,-19.0050503762
1470925551.85,102.0,-62.625,-16.1463932777
1470925551.91,110.75,-63.375,-23.9470960417
1470925551.98,116.5,-67.875,-22.5627959804
1470925552.04,120.0,-72.0,-20.4191216851
1470925552.1,117.25,-67.5,-23.2176032679
1470925552.16,138.25,-71.25,-18.3202604979
1470925552.21,136.25,-67.125,-14.7628364497
1470925552.27,131.25,-66.375,-19.1262377718
1470925552.34,140.75,-63.75,-16.2996013955
1470925552.57,150.5,-49.125,-9.98602533234
1470925552.65,158.25,6.375,-5.25723805534
1470925552.76,142.0,27.0,-2.21701609869
1470925552.96,140.25,15.375,-5.04060876054
1470925553.04,122.25,57.0,-0.634897348367
1470925553.15,115.0,47.625,1.17993408976
1470925553.21,95.0,61.125,-2.04114870055
1470925553.4,107.75,49.875,1.35576415474
1470925553.49,65.75,72.75,-0.23858515759
1470925553.54,19.75,79.5,6.43273653913
1470925553.74,1.5,73.5,-0.0562302385017
1470925553.82,-22.25,78.375,5.68302162604
1470925554.02,-41.25,70.875,-4.36066913691
1470925554.12,-24.25,70.125,0.243717092997
1470925554.27,-29.5,50.625,-2.94324691289
1470925554.41,-17.5,42.375,-3.2145452582
1470925554.6,-8.25,22.875,-6.99990780007
1470925554.74,1.0,28.875,-5.67004740146
1470925554.91,19.75,10.5,-6.2301906074
1470925554.99,9.75,16.875,-9.82752923425
1470925555.05,17.5,15.0,-5.58621384312
1470925555.19,51.25,13.875,-11.2413584706
1470925555.34,35.75,15.375,-12.6551993114
1470925555.57,99.75,-13.5,-11.1853110756
1470925555.66,142.25,-44.25,-23.2147157885
1470925555.82,161.0,-46.875,-15.4941714328
1470925555.96,161.5,-48.375,-16.230069361
1470925556.13,167.25,-66.0,-22.6250605029
1470925556.26,181.75,-81.75,-13.4751401915
1470925556.51,224.25,-97.125,-9.87194573164
1470925556.55,201.25,-75.75,-11.4029685452
1470925556.6,184.5,-73.875,-10.4903361619
1470925556.65,193.5,-75.0,-7.30857872772
1470925556.73,190.5,-69.375,-8.38328668375
1470925556.79,189.0,-69.0,-10.6090503206
1470925556.85,195.25,-56.25,-2.0089692973
1470925556.91,194.25,-50.25,-5.75821136336
1470925556.98,195.75,-46.125,-2.13368993877
1470925557.04,195.5,-37.125,-3.41787577289
1470925557.1,198.25,-30.375,-5.91308901218
1470925557.16,198.0,-21.75,5.59120433289
1470925557.23,197.25,-14.25,-0.23858515759
1470925557.29,197.75,-8.625,3.42399587974
1470925557.35,194.75,0.0,1.80085537242
1470925557.51,185.5,35.625,8.24270575643
1470925557.68,175.5,43.125,5.18829857447
1470925557.81,165.25,53.625,8.89897955162
1470925558.01,169.25,47.625,3.7074996826
1470925558.08,115.0,52.875,7.6011271851
1470925558.15,137.25,54.375,5.55024826803
1470925558.23,118.5,71.25,5.14433347043
1470925558.37,98.0,89.625,8.60206002614
1470925558.46,92.0,76.125,-3.32142469224
1470925558.52,107.25,69.0,6.60350999689
1470925558.6,82.75,54.375,-1.761362978
1470925558.65,82.0,47.625,0.311607543671
1470925558.71,87.25,48.375,1.9560384792
1470925558.77,69.75,39.0,-0.64759066139
1470925558.82,78.0,38.625,-1.58696203983
1470925558.88,71.5,36.75,0.69649117771
1470925558.94,44.75,9.375,-4.9764506629
1470925558.99,46.5,9.75,-0.721744282442
1470925559.04,51.75,13.5,-3.41117907467
1470925559.1,36.0,-2.625,-4.3538382326
1470925559.16,30.75,-9.0,-4.82590775799
1470925559.23,24.25,-9.0,-5.52508983195
1470925559.29,24.75,-11.625,2.16702511797
1470925559.34,22.0,-7.875,-5.00860379436
1470925559.41,18.0,-10.5,-2.80700453464
1470925559.48,17.5,-10.125,-5.76456358336
1470925559.54,16.25,-14.625,-3.88136954242
1470925559.6,13.75,-13.125,-3.29516286263
1470925559.65,16.5,-13.875,-6.52546531572
1470925559.7,12.0,-20.25,-4.29116205155
1470925559.77,10.0,-21.375,-1.31209103265
1470925559.84,8.0,-27.375,-6.52546531572
1470925559.9,7.75,-33.0,-6.96176804951
1470925559.96,6.25,-33.75,-2.28820755307
1470925560.02,4.75,-44.25,-6.96176804951
1470925560.09,8.5,-40.875,-7.93546112394
1470925560.15,5.0,-54.375,-2.72632787136
1470925560.21,4.0,-51.75,-10.9327552917
1470925560.27,4.75,-51.0,-3.82818430221
1470925560.34,4.25,-48.75,-8.4203849992
1470925560.4,2.0,-45.0,-6.4522989862
1470925560.46,2.75,-41.625,-12.0972252252
1470925560.52,4.0,-39.375,-5.69439229359
1470925560.59,4.0,-40.875,-4.26162218552
1470925560.65,7.5,-40.125,-9.61596383087
1470925560.69,5.0,-35.625,-10.3997107801
1470925560.76,6.75,-33.375,-7.59102339345
1470925560.82,7.25,-25.5,-5.38727647647
1470925560.88,7.75,-22.875,-12.9559712815
1470925560.94,11.75,-17.25,-6.17366680613
1470925560.99,11.5,-16.5,-8.09086218218
1470925561.05,12.5,-19.125,-11.1876784621
1470925561.1,15.25,-16.5,-6.35805593883
1470925561.15,16.75,-22.5,-10.7453239872
1470925561.19,16.5,-20.25,-8.86506625216
1470925561.24,15.75,-22.125,-9.49467753883
1470925561.29,18.0,-19.125,-5.88584747382
1470925561.34,19.0,-18.375,-11.3749352738
1470925561.38,18.25,-19.5,-11.5075500748
1470925561.44,17.0,-23.25,-9.64373932406
1470925561.51,20.5,-26.625,-12.7758458239
1470925561.66,18.0,-36.375,-2.35227983773
1470925561.8,11.0,-19.125,-11.583638394
1470925561.94,7.25,-6.0,-17.9948215293
1470925562.07,10.0,-19.125,-9.88724502
1470925562.13,12.5,-19.875,-14.2813210596
1470925562.26,17.75,-24.375,-17.4131492918
1470925562.41,17.5,-19.125,-9.97743471862
1470925562.65,46.5,9.75,-18.9388482122
1470925562.69,45.0,-0.75,-7.52654274875
1470925562.77,37.0,-1.5,-12.4175308045
1470925562.84,51.25,13.125,-13.3685079033
1470925562.9,55.0,16.125,-9.38142192784
1470925562.94,58.25,23.25,-14.1596878439
1470925563.01,52.25,21.75,-10.0946547519
1470925563.07,64.25,28.5,-14.1596878439
1470925563.13,70.5,31.125,-15.6709922523
1470925563.21,75.5,36.75,-13.2308961665
1470925563.27,80.5,39.375,-16.4987521263
1470925563.34,89.0,39.375,-10.7800041966
1470925563.41,109.0,39.75,-13.2308961665
1470925563.48,108.5,43.125,-16.4987521263
1470925563.52,101.5,45.375,-17.329738751
1470925563.57,111.5,55.125,-11.5864512105
1470925563.63,106.0,56.625,-17.329738751
1470925563.68,115.0,73.5,-14.8683298051
1470925563.74,115.5,78.75,-14.8683298051
1470925563.79,115.0,76.875,-18.1638703423
1470925563.84,113.5,75.0,-15.6922149394
1470925563.88,112.75,76.5,-17.9636128174
1470925563.94,115.0,81.75,-16.2600644089
1470925563.99,116.0,84.75,-16.2600644089
1470925564.05,115.25,82.125,-21.8295864769
1470925564.1,115.75,81.0,-15.3724220013
1470925564.16,116.25,84.75,-19.3624621193
1470925564.23,115.0,91.875,-14.3823094624
1470925564.29,115.0,90.0,-16.83491106
1470925564.34,115.0,93.375,-20.1050465234
1470925564.4,113.25,99.375,-16.709189317
1470925564.44,118.0,97.5,-17.4166310237
1470925564.51,115.5,89.625,-14.1799194435
1470925564.56,113.75,79.875,-15.7784704887
1470925564.6,115.0,74.625,-13.212766481
1470925564.65,115.0,76.875,-12.4313062915
1470925564.71,115.0,72.75,-14.8103369892
1470925564.77,115.0,58.5,-14.8103369892
1470925564.83,115.0,52.875,-11.6540857859
1470925564.9,116.75,46.125,-8.40614922755
1470925564.96,115.5,39.375,-9.4729899159
1470925565.02,115.5,34.5,-5.59314550447
1470925565.09,117.25,30.375,-4.64482970258
1470925565.15,114.25,30.75,-0.138128167843
1470925565.21,119.0,29.625,-3.60099054666
1470925565.27,114.75,33.0,2.78749665759
1470925565.34,116.0,23.625,-0.690543477044
1470925565.38,119.5,16.125,5.24884716061
1470925565.43,117.0,18.375,2.1347490521
1470925565.49,117.0,16.125,2.89563511854
1470925565.54,117.0,6.375,3.69382441779
1470925565.6,115.25,1.125,7.32701106943
1470925565.66,118.25,-6.0,12.4030044469
1470925565.73,117.0,-4.5,5.25001847153
1470925565.79,115.25,-28.125,11.7861625242
1470925565.85,118.25,-18.75,10.0327680527
1470925565.91,111.75,-33.0,18.3750579738
1470925565.98,108.5,-33.0,10.347189151
1470925566.04,104.75,-35.625,17.6952017731
1470925566.09,100.5,-35.625,16.1883039306
1470925566.15,94.0,-34.125,17.2410173844
1470925566.21,98.75,-31.125,13.7916894706
1470925566.27,88.5,-30.375,18.2747043882
1470925566.34,84.5,-27.75,15.1416507196
1470925566.38,80.5,-28.125,19.3743364892
1470925566.43,76.5,-25.5,16.199822162
1470925566.48,77.75,-25.875,24.5494082877
1470925566.54,68.25,-23.25,22.3838563053
1470925566.6,72.5,-27.375,23.9343454555
1470925566.66,61.75,-28.125,11.7475149652
1470925566.73,59.0,-25.125,22.7670206215
1470925566.8,49.75,-16.875,19.0240048593
1470925566.85,54.75,-13.125,28.2104651959
1470925566.9,54.0,-15.0,21.5361498713
1470925566.94,52.0,-9.75,21.5361498713
1470925566.99,50.0,-10.5,21.5361498713
1470925567.06,49.75,-9.0,25.8461857749
1470925567.12,46.5,-7.5,22.6136588472
1470925567.18,44.5,-7.875,17.6916518283
1470925567.24,39.0,-7.125,26.3051641114
1470925567.3,37.75,-4.5,18.3036229436
1470925567.35,33.5,-3.0,21.5361498713
1470925567.4,35.75,-5.25,25.8461857749
1470925567.46,29.0,-9.0,22.6136588472
1470925567.52,24.25,-18.0,18.3036229436
1470925567.59,29.5,-15.0,21.5361498713
1470925567.65,23.25,-24.0,17.2600301309
1470925567.71,19.0,-36.0,20.4671199362
1470925567.76,23.0,-41.625,25.1527629462
1470925568.01,22.0,-50.25,12.3299203196
1470925568.13,22.75,-42.75,23.4401028878
1470925568.27,20.5,-25.5,20.3435592943
1470925568.4,14.25,14.25,16.2148345029
1470925568.54,11.75,-1.875,10.7933558157
1470925568.74,14.5,-2.25,17.1818725262
1470925568.81,20.5,-10.5,17.1818725262
1470925568.91,25.0,-19.5,17.1818725262
1470925568.98,28.75,-33.375,16.6452029329
1470925569.04,31.25,-36.0,13.2222052808
1470925569.09,33.75,-38.25,19.9168300132
1470925569.13,32.75,-31.5,13.2222052808
1470925569.18,36.0,-33.375,11.7889951289
1470925569.24,38.0,-28.5,15.0157464068
1470925569.29,36.5,-28.875,10.773701269
1470925569.35,37.5,-24.375,18.1972802601
1470925569.41,38.5,-25.875,10.773701269
1470925569.48,37.75,-25.125,14.5234926201
1470925569.52,38.25,-28.125,13.529041999
1470925569.59,38.75,-30.75,10.4019536915
1470925569.65,37.5,-28.5,13.0669147646
1470925569.71,41.0,-32.25,13.0669147646
1470925569.76,42.0,-26.25,13.0669147646
1470925569.82,41.25,-26.625,5.58415164415
1470925569.87,45.25,-22.125,18.678987105
1470925569.93,43.25,-21.75,16.6201961955
1470925569.99,47.25,-18.375,6.33671777873
1470925570.05,50.5,-23.625,8.04197444979
1470925570.12,50.75,-20.625,11.6395520813
1470925570.18,54.0,-18.0,11.1962239845
1470925570.26,56.0,-16.5,11.1962239845
1470925570.32,58.0,-15.0,11.1962239845
1470925570.4,60.0,-6.0,11.1962239845
1470925570.46,55.0,-12.75,11.1962239845
1470925570.52,60.25,-12.75,7.80008465039
1470925570.57,63.5,-7.125,6.55474398105
1470925570.63,58.5,-10.5,9.39907785851
1470925570.69,67.25,-10.5,12.6884460626
1470925570.77,68.0,-16.125,6.37515619688
1470925570.82,71.75,-16.5,6.07362073893
1470925570.88,65.5,-14.25,8.46329567076
1470925570.94,70.75,-18.0,5.29504449457
1470925571.01,72.25,-15.75,10.8394840529
1470925571.07,68.5,-13.875,4.76977188143
1470925571.13,73.75,-15.0,4.46898833957
1470925571.19,73.5,-18.75,6.77218312746
1470925571.26,72.75,-20.25,9.84310951132
1470925571.32,76.75,-23.625,0.919320247202
1470925571.38,78.25,-24.0,2.92303556861
1470925571.43,78.0,-23.625,1.73031017455
1470925571.48,79.0,-22.5,4.29082764646
1470925571.55,80.0,-26.25,4.29082764646
1470925571.62,82.75,-27.75,1.43260356018
1470925571.68,82.5,-29.25,3.57627162489
1470925571.74,85.25,-27.0,0.733944377652
1470925571.81,88.5,-23.25,2.86568981308
1470925571.87,90.5,-23.625,-0.337982314194
1470925571.93,89.0,-21.0,2.06477178126
1470925571.99,95.25,-15.75,-0.679984433253
1470925572.06,94.25,-16.5,4.12333894215
1470925572.12,95.75,-16.875,-3.76697335347
1470925572.18,100.75,-10.5,-2.04542744675
1470925572.24,98.0,-11.25,-0.0562302385017
1470925572.29,104.25,-15.375,0.243717092997
1470925572.34,105.0,-16.125,-2.94324691289
1470925572.4,103.5,-15.0,-0.721744282442
1470925572.46,111.5,-18.75,-0.721744282442
1470925572.52,114.5,-16.5,-0.721744282442
1470925572.57,112.25,-16.5,1.94031189332
1470925572.63,119.0,-10.875,-8.36745645859
1470925572.69,125.5,-3.0,-2.13403679352
1470925572.76,129.5,-4.125,-5.11561161932
1470925572.84,140.5,5.625,0.102144325825
1470925572.9,143.0,7.125,-5.11561161932
1470925572.96,148.0,9.0,-2.87943049997
1470925573.02,146.0,6.375,0.102144325825
1470925573.09,156.0,10.875,-5.11561161932
1470925573.15,164.5,15.0,-2.87943049997
1470925573.21,167.0,16.125,-5.88226093296
1470925573.27,175.5,14.625,-0.627307675235
1470925573.32,179.75,11.625,-8.52635670626
1470925573.38,174.75,7.125,-4.670585042
1470925573.44,187.75,1.125,-4.00659480871
1470925573.52,200.25,12.375,-4.670585042
1470925573.59,200.75,14.625,1.25445293493
1470925573.65,202.75,20.625,-8.61637084973
1470925573.71,207.25,24.375,1.25445293493
1470925573.77,203.0,18.75,-2.97590011564
1470925573.82,215.5,22.5,-2.97590011564
1470925573.87,217.0,18.375,0.0508236893965
1470925573.93,215.75,19.5,0.393960462649
1470925573.97,227.0,23.25,-1.56592425762
1470925574.02,219.75,22.875,-7.20582768968
1470925574.07,230.0,23.625,5.24884716061
1470925574.29,248.0,22.5,5.18648188005
1470925574.37,250.75,1.875,6.43858063231
1470925574.41,238.0,6.75,2.06477178126
1470925574.6,246.0,-3.75,7.59886174811
1470925574.69,243.75,-19.125,9.69123133266
1470925574.88,238.25,-25.125,11.4888403093
1470925575.02,229.0,-20.25,20.3549984596
1470925575.21,210.25,-28.875,17.3373507725
1470925575.31,190.5,-11.625,31.8396005441
1470925575.4,198.75,-9.75,20.6069931136
1470925575.46,191.5,-1.125,22.5010914894
1470925575.51,185.5,11.625,23.7505195822
1470925575.55,174.25,23.625,29.2040024356
1470925575.62,180.75,20.25,26.6389548897
1470925575.69,159.75,41.625,22.403928741
1470925575.76,153.0,56.625,28.5206264557
1470925575.82,141.5,65.625,29.9418551026
1470925575.9,130.75,73.125,24.7352998396
1470925575.96,119.5,79.125,31.1722973937
1470925576.02,88.5,96.75,38.4419942705
1470925576.1,111.0,78.75,18.4081689163
1470925576.19,62.25,88.125,28.0746926142
1470925576.26,37.75,78.75,22.6981007287
1470925576.51,-93.75,64.125,16.4277990162
1470925576.57,15.75,70.5,28.0685763313
1470925576.63,-2.0,70.875,19.55332785
1470925576.69,-5.75,66.375,22.403928741
1470925576.76,-15.0,62.25,23.2123821969
1470925576.82,-5.5,49.875,25.8684362326
1470925576.88,9.0,30.0,23.8763957058
1470925576.94,-6.5,29.25,23.8763957058
1470925577.01,-2.5,36.75,23.8763957058
1470925577.05,-3.5,33.375,21.2203416701
1470925577.13,-2.75,31.125,14.0760340905
1470925577.19,-1.5,32.625,15.9515953562
1470925577.26,-10.25,26.25,23.4613724263
1470925577.31,-5.75,17.625,11.9608540388
1470925577.38,-8.0,8.625,23.3518654824
1470925577.44,-10.75,1.875,11.1625262936
1470925577.51,-12.25,-1.125,26.0753156591
1470925577.57,-10.25,-12.0,15.9171978657
1470925577.63,-10.75,-15.75,5.81983203461
1470925577.69,-13.0,-12.375,20.0588000794
1470925577.74,-10.5,-12.75,16.6485126926
1470925577.8,-14.0,-12.375,12.1014628436
1470925577.88,-15.0,-20.625,11.0392992821
