

=================================================================================
1470925801.13,-14.0,69.75,140.689655172
1470925802.36,38.5,96.0,140.689655172
1470925802.47,1.0,123.375,163.027714402
1470925804.09,-0.75,54.375,145.14491604
1470925805.43,49.5,209.625,12.1451826385
1470925805.51,54.75,132.0,96.6566691733
1470925805.57,29.5,130.125,93.0151917865
1470925805.62,39.25,129.375,75.7178628901
1470925805.68,39.25,126.75,111.191282167
1470925805.76,34.75,125.25,87.1192432554
1470925805.84,28.25,118.125,97.4358313605
1470925805.9,25.0,97.5,70.6627824143
1470925806.18,23.0,107.625,104.00050795
1470925806.24,-19.25,103.5,55.9721943216
1470925806.3,4.0,104.25,84.5358389533
1470925806.4,2.75,102.75,72.8901116535
1470925806.51,-8.5,99.375,70.1846197117
1470925806.9,5.75,95.25,27.6399610605
1470925807.34,44.75,103.5,38.9666624467
1470925807.44,30.0,84.375,50.6042575597
1470925807.51,28.75,77.625,40.9608605497
1470925807.59,31.25,78.375,53.2750517524
1470925807.79,25.0,82.125,45.3312740693
1470925807.88,12.75,83.25,43.719128168
1470925807.95,16.25,83.25,56.740055749
1470925808.02,11.25,79.5,58.7007053099
1470925808.07,14.0,85.5,23.502847442
1470925808.13,11.25,85.125,45.8532832889
1470925808.19,9.75,84.0,38.7732436719
1470925808.27,10.0,82.125,37.3188033762
1470925808.32,9.0,83.25,42.3103621512
1470925808.37,8.0,75.75,42.3103621512
1470925808.46,8.75,78.375,42.131774283
1470925808.51,6.5,64.5,42.2657151841
1470925808.55,9.0,69.75,42.2657151841
1470925808.6,10.75,64.5,35.5353719467
1470925808.65,9.5,63.375,34.4524242305
1470925808.69,13.0,57.375,32.9890883367
1470925808.76,10.5,48.0,37.5351119007
1470925808.8,8.75,47.625,25.6347536547
1470925808.85,11.75,38.25,40.4720765305
1470925808.9,10.5,39.75,36.038035887
1470925809.13,12.25,21.75,18.8131576671
1470925809.27,14.5,22.125,26.1838613487
1470925809.41,38.25,-15.0,24.3673727923
1470925809.57,28.25,0.75,23.9591964945
1470925809.68,30.75,-11.25,22.7798720597
1470925809.74,28.0,-15.0,26.4157032945
1470925809.82,23.75,-30.375,16.6421093836
1470925810.02,21.5,-25.125,28.9444930514
1470925810.09,4.75,-36.375,6.22242411842
1470925810.13,15.0,-35.625,25.1527629462
1470925810.32,10.5,-45.0,21.6385306887
1470925810.38,10.25,-41.625,12.7130846357
1470925810.44,14.0,-38.25,19.4071691754
1470925810.54,14.0,-40.125,14.9273672474
1470925810.59,14.0,-48.375,22.7670206215
1470925810.63,10.5,-40.875,14.9273672474
1470925810.79,13.0,-42.0,18.2872186934
1470925810.84,13.0,-42.0,18.2872186934
1470925810.88,13.0,-42.0,18.2872186934
1470925810.93,13.0,-43.875,13.8658340247
1470925811.02,16.5,-48.375,21.603257195
1470925811.07,14.0,-50.625,13.8658340247
1470925811.13,17.5,-51.0,17.1818725262
1470925811.18,18.5,-52.5,17.1818725262
1470925811.24,16.0,-50.25,17.1818725262
1470925811.35,19.5,-55.875,12.8197030857
1470925811.41,24.0,-69.375,20.4534996066
1470925811.47,19.0,-59.25,17.1818725262
1470925811.52,22.5,-63.0,17.1818725262
1470925811.59,21.75,-58.875,9.02098529984
1470925811.63,24.0,-58.125,19.3743364892
1470925811.68,21.5,-59.25,16.199822162
1470925811.74,21.5,-57.375,11.9671363925
1470925811.8,19.75,-58.5,11.3717258631
1470925811.85,21.0,-58.5,14.1991695055
1470925811.91,15.75,-60.375,14.444293685
1470925811.99,14.25,-61.125,14.3422649817
1470925812.05,16.25,-60.0,18.2295149886
1470925812.12,15.75,-61.875,7.41174130471
1470925812.21,17.0,-66.375,17.2116827062
1470925812.26,15.25,-70.5,18.2295149886
1470925812.3,16.5,-67.875,11.2376316041
1470925812.35,16.5,-72.375,18.2908758121
1470925812.41,16.5,-70.875,11.2376316041
1470925812.48,18.25,-69.75,18.122110424
1470925812.69,15.25,-66.0,11.3642056451
1470925812.77,6.0,-68.25,22.0179369969
1470925812.94,-0.5,-42.0,16.199822162
1470925813.09,0.75,-33.375,24.5494082877
1470925813.27,-5.25,12.0,5.70494679825
1470925813.33,0.0,2.25,15.1416507196
1470925813.38,0.75,10.875,23.302537946
1470925813.63,2.0,7.5,17.1818725262
1470925813.69,-8.5,94.5,26.083059123
1470925813.76,-6.25,51.375,19.0240048593
1470925813.88,-11.25,58.5,24.2317688191
1470925813.94,-13.75,64.5,16.196247777
1470925814.04,-16.25,70.5,23.8003967771
1470925814.19,-13.5,67.125,25.1349221518
1470925814.8,-11.0,63.75,21.6898373707
1470925815.27,-0.5,131.25,61.857753216
1470925815.4,9.5,92.625,37.3528909632
1470925815.63,0.5,89.625,27.5160103587
1470925815.72,15.5,88.875,48.8041885043
1470925815.87,3.0,90.0,35.9999093751
1470925816.02,-11.0,86.25,35.9999093751
1470925816.16,-1.0,88.5,35.9999093751
1470925816.3,-9.75,81.0,30.2403612315
1470925816.55,-8.75,61.125,46.4603805852
1470925816.62,-5.0,38.25,37.5351119007
1470925816.68,7.25,28.875,50.0699910211
1470925816.72,0.25,44.25,21.993142458
1470925816.79,0.75,44.625,48.2020842294
1470925816.88,3.0,42.0,39.0504530887
1470925816.94,0.5,38.625,45.5239674572
1470925816.99,2.25,42.0,34.360178599
1470925817.04,-0.75,42.0,45.4003214921
1470925817.1,-1.25,42.0,34.360178599
1470925817.38,-10.5,34.5,51.7878555055
1470925817.44,-3.0,39.0,42.2657151841
1470925817.51,-4.75,33.375,70.4009572583
1470925817.55,-1.75,38.625,21.1642836285
1470925817.62,-4.75,35.625,55.8404618541
1470925817.66,-3.5,33.0,45.6594018516
1470925817.72,-3.5,35.25,45.6594018516
1470925817.79,-3.5,35.25,45.6594018516
1470925817.85,-3.5,35.25,45.6594018516
1470925817.98,-5.25,33.375,45.8532832889
1470925818.04,-5.75,28.875,45.5139907737
1470925818.09,-4.5,32.25,45.6594018516
1470925818.13,-4.5,32.25,45.6594018516
1470925818.18,-4.5,36.0,45.6594018516
1470925818.22,-2.75,35.625,32.0846551817
1470925818.27,-4.0,34.5,42.2657151841
1470925818.32,-4.0,36.375,49.0997147523
1470925818.37,-4.0,37.125,37.140215508
1470925818.41,-4.0,36.0,42.2657151841
1470925818.46,-2.25,37.875,42.4443030523
1470925818.51,0.0,42.375,35.7442402697
1470925818.55,-2.5,39.0,40.6688316808
1470925818.6,-0.75,37.125,53.8903652623
1470925818.65,3.25,36.375,30.7526814947
1470925818.69,3.0,33.75,40.6688316808
1470925818.74,7.5,34.125,47.2349535623
1470925818.79,6.0,33.375,35.7442402697
1470925818.85,12.25,30.75,34.360178599
1470925818.9,7.75,29.25,45.4003214921
1470925818.94,17.0,27.75,40.6688316808
1470925818.99,18.25,30.0,47.0563656941
1470925819.04,15.5,33.75,42.2657151841
1470925819.09,18.25,31.5,35.8781811708
1470925819.15,23.25,33.375,53.8903652623
1470925819.19,24.0,30.375,37.140215508
1470925819.26,22.5,31.5,42.2657151841
1470925819.41,25.25,29.625,55.8404618541
1470925819.46,21.5,25.125,38.5469179207
1470925819.52,18.0,30.375,36.8844256647
1470925819.59,17.0,31.125,49.1289222721
1470925819.63,14.25,31.875,44.253017698
1470925819.68,14.5,34.5,43.9742150762
1470925819.74,17.0,32.25,43.9742150762
1470925819.79,6.5,43.5,43.9742150762
1470925819.84,7.0,42.375,37.140215508
1470925819.88,8.5,42.75,42.2657151841
1470925819.93,7.5,40.5,42.2657151841
1470925819.98,-5.75,48.0,35.8781811708
1470925820.04,-6.75,49.125,40.3260224566
1470925820.09,-6.75,45.75,34.4524242305
1470925820.13,-14.5,45.75,39.0504530887
1470925820.32,-11.5,43.875,32.6722820692
1470925820.47,-55.5,39.375,31.7844125466
1470925820.66,-39.75,35.25,30.1259816958
1470925820.74,-31.25,37.875,23.2471983106
1470925820.81,-20.5,37.125,26.315126574
1470925820.93,-18.5,38.25,30.3776438925
1470925820.97,20.25,28.875,19.8654873313
1470925821.02,-2.25,32.625,27.6274915839
1470925821.07,-1.5,31.875,22.7411470768
1470925821.15,9.25,23.625,26.4745941143
1470925821.21,1.5,23.625,21.4376251588
1470925821.26,6.0,23.25,15.761526155
1470925821.31,1.0,25.5,22.8518954453
1470925821.37,4.5,21.75,22.8518954453
1470925821.41,5.5,20.25,22.8518954453
1470925821.46,3.0,20.625,18.203663147
1470925821.52,4.75,21.75,17.1956789628
1470925821.57,5.25,21.75,25.0604561767
1470925821.74,2.25,21.75,17.1956789628
1470925821.9,-19.25,23.625,3.3614827553
1470925822.01,-38.0,30.0,0.555026321677
1470925822.16,-49.75,23.625,-2.07285679793
1470925822.29,-56.75,11.625,-4.71976761065
1470925822.43,-54.0,4.5,-7.04217577926
1470925822.55,-49.5,17.25,2.26791947665
1470925822.65,-49.0,33.75,-9.29406836189
1470925822.71,-44.0,31.875,-3.41368417364
1470925822.79,-33.5,37.5,-7.07367891227
1470925822.84,-35.75,30.75,0.129747202508
1470925822.88,-25.5,32.625,-10.5800365604
1470925822.94,-19.75,29.625,-9.82752923425
1470925822.99,-24.0,30.75,-5.58621384312
1470925823.04,-16.75,30.75,-8.49488850329
1470925823.09,-20.25,32.625,-11.9672476669
1470925823.13,-17.0,39.0,-7.72684879785
1470925823.19,-22.0,38.25,-7.72684879785
1470925823.26,-32.5,47.25,-13.2461641656
1470925823.32,-42.5,46.125,-17.6457188985
1470925823.37,-44.0,39.0,-22.5521802204
1470925823.41,-63.75,31.875,-19.7245605453
1470925823.48,-56.5,35.625,-6.94628463257
1470925823.52,-111.25,23.625,-24.6196642427
1470925823.57,-77.25,31.5,-7.77692735969
1470925823.63,-98.25,25.875,-25.2974681166
1470925823.68,-110.25,29.25,-8.54942942733
1470925823.73,-114.5,19.875,-28.7780005787
1470925823.79,-106.75,21.75,-21.1086391597
1470925823.85,-108.5,24.0,-24.6916386419
1470925823.91,-106.25,20.25,-23.2176032679
1470925823.98,-97.25,16.875,-26.7754599269
1470925824.04,-85.25,20.25,-25.351595586
1470925824.12,-79.0,22.125,-26.0756375671
1470925824.18,-74.0,22.875,-26.8041289107
1470925824.24,-70.75,25.5,-27.4610568172
1470925824.3,-69.75,28.875,-31.0180117518
1470925824.37,-66.25,23.625,-26.7754653467
1470925824.43,-73.25,21.0,-35.2513811709
1470925824.49,-79.75,21.375,-28.9311755738
1470925824.56,-84.75,20.625,-29.0138023552
1470925824.62,-92.5,18.0,-34.4773790692
1470925824.68,-114.0,18.375,-27.4621593067
1470925824.76,-138.75,23.25,-32.423135311
1470925824.82,-133.0,19.125,-27.4893546039
1470925824.88,-141.0,18.375,-32.5681590229
1470925824.94,-143.75,19.5,-33.2534533773
1470925825.01,-134.5,19.5,-31.0720486891
1470925825.07,-140.0,30.75,-36.9393826113
1470925825.13,-132.5,31.5,-32.5388821697
1470925825.19,-132.5,28.875,-35.249779714
1470925825.26,-123.75,24.0,-30.2923988453
1470925825.34,-119.5,20.625,-35.233075341
1470925825.4,-111.25,22.125,-33.0663894984
1470925825.46,-105.0,17.625,-41.6739296954
1470925825.54,-100.0,17.25,-35.2779250334
1470925825.59,-91.5,12.0,-35.2779250334
1470925825.65,-87.25,5.25,-38.1662248999
1470925825.71,-83.5,-4.875,-38.7676081306
1470925825.76,-82.0,-9.75,-42.2800920034
1470925825.8,-86.75,-4.5,-40.9425789399
1470925825.87,-92.25,-11.625,-44.4588150318
1470925825.91,-101.5,-24.75,-40.2164714172
1470925825.96,-102.75,-26.625,-45.8729387806
1470925826.02,-114.0,-45.0,-41.6305882581
1470925826.09,-119.0,-48.0,-41.8936088763
1470925826.15,-115.25,-42.375,-47.8693858583
1470925826.21,-123.0,-48.375,-46.6197820348
1470925826.27,-109.5,-31.5,-38.8997981702
1470925826.34,-106.75,-28.875,-42.3321549889
1470925826.4,-86.0,-21.375,-46.1995248011
1470925826.46,-77.25,-31.125,-37.9228410805
1470925826.52,-61.0,-43.125,-50.8623799191
1470925826.6,-44.0,-46.5,-43.3600424447
1470925826.79,32.75,-92.25,-28.5786656267
1470925826.94,12.5,-102.0,-34.5849691108
1470925827.09,9.25,-96.0,-35.9487274645
1470925827.26,-76.5,-97.875,-35.5586509448
1470925827.41,-34.0,-90.0,-37.4563748802
1470925827.49,-184.5,-80.625,-31.1651243637
1470925827.55,-96.25,-93.75,-32.7838905756
1470925827.69,-66.75,-96.75,-32.0229491491
1470925827.85,-41.25,-69.75,-19.1285876329
1470925827.94,34.0,-55.125,-27.9036298172
1470925827.99,29.75,-32.625,-12.2688496329
1470925828.05,3.75,-41.25,-22.5257244829
1470925828.12,19.0,-25.875,-22.0366215783
1470925828.18,24.5,-12.375,-16.0869738247
1470925828.24,22.0,-1.125,-19.4541429821
1470925828.29,4.25,-4.875,-15.7750324094
1470925828.35,2.75,-7.125,-19.6048197033
1470925828.41,1.25,-1.125,-14.2597539756
1470925828.46,-9.0,-3.0,-12.5190361462
1470925828.51,-9.5,-1.5,-17.0
1470925828.59,-23.0,-1.875,-14.3310265214
1470925828.65,-27.25,8.25,-13.3523545364
1470925828.74,-52.0,16.5,-9.68357502926
1470925828.8,-50.75,18.75,-17.0540749318
1470925828.87,-53.0,25.125,-12.159736485
1470925828.93,-55.5,21.0,-14.1753683295
1470925828.98,-55.25,22.5,-11.211771069
1470925829.02,-50.0,24.0,-13.4344690144
1470925829.07,-47.5,25.5,-13.4344690144
1470925829.12,-47.5,28.875,-4.83766158649
1470925829.16,-42.25,31.125,-11.1099503457
1470925829.21,-42.5,31.5,-11.2414379545
1470925829.27,-32.75,33.0,-8.35854958085
1470925829.34,-31.0,30.75,-10.5207158611
1470925829.38,-21.0,34.5,-10.5207158611
1470925829.44,-21.25,32.25,-7.65923262683
1470925829.49,-26.5,34.125,-7.0106754016
1470925829.54,-20.25,44.25,-11.9904178054
1470925829.59,-28.25,41.25,-12.732567482
1470925829.63,-30.5,44.625,-7.55982606591
1470925829.69,-33.25,45.0,-12.6668282867
1470925829.76,-48.75,46.5,-7.65923262683
1470925829.84,-78.75,31.125,-15.4620266659
1470925829.9,-66.75,31.5,-14.0804915384
1470925829.94,-82.75,24.75,-3.50617229525
1470925829.99,-89.5,31.5,-9.82761268118
1470925830.04,-95.75,27.75,-12.732567482
1470925830.09,-85.75,28.125,-10.7746471383
1470925830.15,-88.25,31.125,-16.2597952887
1470925830.19,-80.25,31.875,-6.37099159452
1470925830.26,-81.5,38.25,-10.6090503206
1470925830.32,-71.0,41.25,-10.6090503206
1470925830.38,-52.25,36.75,-7.66137458528
1470925830.43,-51.75,34.875,-15.5246744694
1470925830.48,-56.75,32.25,-8.35960405326
1470925830.52,-56.0,32.625,-13.3041976738
1470925830.57,-41.75,31.875,-5.5861368613
1470925830.62,-46.75,33.0,-12.732567482
1470925830.68,-47.75,31.125,-16.2079879493
1470925830.74,-41.0,26.625,-9.2389120596
1470925830.81,-48.5,22.5,-11.2852671574
1470925830.87,-45.0,25.125,-14.0137406212
1470925830.91,-56.25,16.875,-12.1847896804
1470925830.98,-60.5,9.375,-14.7285335172
1470925831.02,-60.0,11.625,-9.9916388467
1470925831.09,-69.0,13.125,-9.33867644364
1470925831.13,-64.25,19.875,-16.9996423256
1470925831.19,-67.5,18.375,-10.1016788333
1470925831.26,-78.25,19.125,-11.7936238556
1470925831.32,-72.25,14.25,-9.07585894179
1470925831.37,-65.0,10.875,-19.8820745853
1470925831.41,-60.5,6.75,-8.08768948335
1470925831.46,-55.0,0.0,-12.0977741316
1470925831.51,-53.75,3.0,-15.1040389312
1470925831.57,-26.75,-2.25,-9.84307553192
1470925831.63,-40.0,2.25,-12.0977741316
1470925831.68,-31.75,-3.375,-11.7936238556
1470925831.74,-43.0,0.0,-12.0217365626
1470925831.81,-16.75,-1.875,-12.3258868386
1470925831.88,-26.75,3.0,-15.1040389312
1470925831.94,-36.5,-1.125,-16.3439634489
1470925832.01,-39.25,-3.75,-11.7760478322
1470925832.07,-49.5,-7.125,-17.0988661109
1470925832.13,-62.25,-11.25,-17.3942675741
1470925832.2,-75.75,-10.5,-10.4464009682
1470925832.27,-82.5,-12.0,-18.9411510826
1470925832.35,-95.75,-11.625,-14.6686887904
1470925832.41,-79.0,-14.25,-15.0157881618
1470925832.48,-81.0,-25.125,-11.6541088328
1470925832.54,-63.75,-28.5,-17.1579742141
1470925832.6,-72.5,-21.75,-14.9210198007
1470925832.66,-34.0,-29.25,-8.97481665552
1470925832.74,-7.25,-30.375,-25.0276194782
1470925832.8,-25.0,-25.125,-13.6869793674
1470925832.87,17.75,-13.125,-16.0891823335
1470925833.09,67.5,-0.375,-20.6932785509
1470925833.21,30.5,-16.5,-17.0051545022
1470925833.35,22.75,-46.125,-24.2363549585
1470925833.41,14.0,-34.5,-18.8129546163
1470925833.52,-3.5,-35.625,-27.6403363087
1470925833.73,0.25,-0.375,-21.9689939482
1470925833.82,43.25,-6.375,-28.9271415686
1470925834.01,71.25,-14.25,-26.5146319218
1470925834.12,107.75,-3.0,-25.1425827725
1470925834.24,124.0,10.875,-24.7336896617
1470925834.34,100.25,7.875,-28.4826353389
1470925834.4,106.0,-3.375,-21.6689214598
1470925834.46,95.5,-11.25,-24.4844486036
1470925834.52,92.25,-6.375,-25.0965317426
1470925834.59,91.0,-7.125,-27.133907577
1470925834.66,94.5,-15.375,-27.7810786224
1470925834.73,93.75,-22.875,-25.3622798673
1470925834.79,94.25,-20.625,-26.2883343497
1470925834.85,100.0,-28.5,-25.8914538572
1470925834.91,102.0,-25.5,-19.7271238114
1470925834.98,100.5,-23.25,-24.3503713458
1470925835.04,106.75,-23.25,-21.2917391652
1470925835.1,112.75,-12.0,-20.5432369518
1470925835.16,116.25,-1.875,-22.4358999771
1470925835.23,119.75,6.75,-19.7381741244
1470925835.29,123.25,12.375,-16.3323679612
1470925835.35,123.25,19.125,-20.2898707622
1470925835.41,129.25,18.375,-20.7772701432
1470925835.48,131.0,18.375,-17.3537388142
1470925835.54,132.25,15.0,-16.8472192279
1470925835.6,131.25,11.25,-16.1368857881
1470925835.66,127.5,9.75,-18.3107318659
1470925835.73,125.75,12.0,-15.4317371626
1470925835.79,121.75,12.0,-20.4699778933
1470925835.85,115.0,2.625,-21.0880059074
1470925835.91,112.0,-4.875,-16.2277763347
1470925835.99,109.0,-8.25,-24.1266972992
1470925836.05,109.5,-9.0,-19.7647232242
1470925836.12,109.25,-13.875,-20.0052167532
1470925836.18,109.5,-10.125,-22.5204850255
1470925836.26,106.75,-5.25,-18.1235506947
1470925836.32,112.25,0.0,-22.9164805329
1470925836.38,109.25,-0.75,-23.686447349
1470925836.44,107.0,4.5,-15.3748522377
1470925836.52,109.5,1.875,-22.5586742805
1470925836.59,111.25,2.625,-20.9261909466
1470925836.65,113.5,-2.25,-20.6578362573
1470925836.71,114.5,-3.75,-20.6578362573
1470925836.77,115.5,-1.5,-20.021516073
1470925836.84,114.75,-3.375,-14.8470169157
1470925836.9,113.5,-0.375,-15.9854633015
1470925836.96,110.0,0.375,-21.0880059074
1470925837.02,103.75,3.0,-16.1463932777
1470925837.09,101.25,0.75,-21.1490432001
1470925837.16,98.75,2.625,-19.1262377718
1470925837.23,96.25,5.25,-21.9528512214
1470925837.29,97.25,3.0,-22.7008551723
1470925837.35,97.5,10.5,-20.4987562112
1470925837.41,94.75,22.875,-20.7772701432
1470925837.48,91.5,31.5,-20.5683846942
1470925837.54,93.0,35.25,-20.5683846942
1470925837.6,95.5,31.875,-23.24422547
1470925837.65,97.25,36.0,-23.7385758395
1470925837.69,97.75,33.375,-21.7448299013
1470925837.74,96.5,34.125,-24.6320953348
1470925837.79,100.0,33.0,-22.5329215423
1470925837.84,104.5,29.25,-22.5329215423
1470925837.88,106.5,27.75,-22.5329215423
1470925837.96,108.5,26.25,-22.5329215423
1470925838.23,119.25,51.0,-19.6947413365
1470925838.27,109.75,54.375,-21.8626583066
1470925838.44,91.0,29.25,-21.8331969448
1470925838.57,77.25,17.625,-27.4895131381
1470925838.79,54.0,18.75,-34.5599514183
1470925838.88,68.25,16.125,-31.7318029489
1470925839.12,62.0,19.875,-30.2899900905
1470925839.22,74.5,24.75,-28.1896483033
1470925839.29,97.25,1.875,-22.6078334851
1470925839.49,81.0,4.875,-23.9191956013
1470925839.6,82.75,-2.625,-9.106453231
1470925839.76,72.75,-30.375,-21.793915129
1470925839.84,44.0,-84.0,-21.9804810313
1470925840.02,60.25,-54.0,-19.1242855741
1470925840.09,-15.75,-112.5,-7.15751171735
1470925840.13,16.75,-72.0,-20.3868723411
1470925840.3,9.25,-66.375,-12.6982660769
1470925840.43,45.5,-67.875,-8.57460865907
1470925840.66,57.5,-70.875,-11.9048065167
1470925840.73,87.25,-67.875,-8.4588356927
1470925840.96,83.25,-110.25,-15.4284535539
1470925841.05,70.75,-111.75,-10.3919279896
1470925841.23,113.5,-81.0,-12.8926816741
1470925841.37,66.25,-75.0,-9.9916388467
1470925841.62,61.0,-82.125,-14.9873472364
1470925841.93,-67.25,-85.125,-12.2453310147
1470925842.05,24.5,-80.25,-12.633687177
1470925842.15,29.5,-82.5,-12.633687177
1470925842.29,36.5,-88.125,-9.79446468611
1470925842.44,133.0,-148.5,-6.66455661962
1470925842.62,79.75,-99.0,-13.3139176679
1470925842.79,64.25,-66.375,-16.9379417328
1470925842.87,27.0,-58.125,-10.2957891227
1470925843.13,2.0,-26.625,-14.5004208102
1470925843.21,-72.5,106.125,-32.8829528614
1470925843.29,-18.75,47.625,-11.5987358669
1470925843.35,-22.75,55.875,-21.8625522804
1470925843.44,-27.5,61.125,-20.2963877216
1470925843.55,-31.75,72.75,-21.1086391597
1470925843.62,1.25,60.75,-21.8334062482
1470925843.68,-7.25,71.625,-25.3612775632
1470925843.74,-9.25,75.0,-23.9765615369
1470925843.81,-8.75,68.25,-24.6320953348
1470925843.87,-4.75,64.5,-25.351595586
1470925843.93,-5.0,72.375,-26.0756375671
1470925843.98,-7.5,85.875,-32.4227629168
1470925844.04,-7.5,83.25,-26.066017178
1470925844.1,-9.25,93.75,-28.9038098528
1470925844.16,-15.0,88.5,-26.7754653467
1470925844.21,-13.5,86.25,-32.5061350849
1470925844.26,-19.75,78.75,-31.100285373
1470925844.32,-17.0,75.75,-28.9311709292
1470925844.38,-26.75,65.25,-31.8407312017
1470925844.43,-28.5,57.375,-32.4039721804
1470925844.51,-31.5,50.625,-38.9074771333
1470925844.57,-29.25,53.25,-29.5780103859
1470925844.63,-36.0,27.75,-31.7586685676
1470925844.71,-32.0,25.125,-29.0121890537
1470925844.76,-31.25,24.375,-30.9279746862
1470925844.81,-30.0,28.5,-31.0360301884
1470925844.87,-31.75,25.125,-30.9639756583
1470925844.93,-30.5,28.5,-31.0180165559
1470925844.99,-27.0,24.75,-31.0180165559
1470925845.05,-24.25,23.25,-28.1805817928
1470925845.12,-21.0,18.0,-30.3086578651
1470925845.18,-20.75,18.75,-27.4893546039
1470925845.24,-14.0,6.0,-29.6038320498
1470925845.31,-11.0,-3.75,-29.6038320498
1470925845.37,-11.5,-7.5,-29.6038320498
1470925845.44,-23.5,-28.5,-24.0210349755
1470925845.51,-29.0,-27.375,-25.3337391534
1470925845.57,-28.5,-22.875,-24.6332582639
1470925845.63,-39.25,-25.125,-21.1187368065
1470925845.69,-50.75,-16.125,-25.3612832116
1470925845.77,-53.75,-2.625,-19.7045580919
1470925845.84,-54.0,0.375,-21.1477981774
1470925845.9,-58.0,-1.875,-14.7331403438
1470925845.96,-60.25,2.25,-18.2804254716
1470925846.02,-62.0,7.125,-17.590765561
1470925846.09,-59.75,9.0,-11.2502420003
1470925846.15,-54.25,6.375,-11.9347316633
1470925846.23,-48.5,1.5,-4.86447203861
1470925846.29,-43.0,3.75,-7.64910149425
1470925846.35,-38.25,0.0,-9.10641716065
1470925846.43,-31.25,-9.0,2.88796607325
1470925846.49,-33.75,1.5,0.733079848251
1470925846.55,-36.5,3.0,-0.121158993027
1470925846.62,-33.75,10.125,1.43183225322
1470925846.68,-25.25,21.375,2.84460168193
1470925846.74,-30.5,13.125,1.29533181173
1470925846.8,-27.75,21.375,4.95119755817
1470925846.87,-24.5,23.25,6.16961359192
1470925846.93,-17.25,31.875,8.11077115578
1470925847.02,-10.25,37.125,9.84851900705
1470925847.09,1.25,44.25,14.7266584824
1470925847.15,-1.0,39.0,7.53991472343
1470925847.21,3.0,33.0,13.7271974495
1470925847.27,3.5,24.0,16.9335855943
1470925847.37,6.5,25.125,14.3734640921
1470925847.43,2.5,22.875,15.2196292314
1470925847.49,1.75,24.375,20.4199946187
1470925847.55,2.25,25.5,19.063392667
1470925847.63,-0.75,27.375,23.97620261
1470925847.69,-6.5,30.0,17.8040057482
1470925847.94,-55.75,18.375,27.9622199323
1470925847.99,-24.0,22.125,24.5019504871
1470925848.05,-29.5,21.375,25.5685445079
1470925848.12,-22.0,20.625,18.2441165309
1470925848.18,-23.75,14.25,26.3051641114
1470925848.3,-15.5,1.875,37.3518803096
1470925848.46,-10.0,8.25,26.2982142128
1470925848.59,-10.5,4.875,31.0084800154
1470925848.71,-8.5,-1.125,33.4791811951
1470925848.88,-4.75,-25.5,45.0538206006
1470925849.02,-4.0,-3.75,32.9959282474
1470925849.27,-0.25,-0.375,44.5552349954
1470925849.35,5.75,11.25,42.166376532
1470925849.43,9.25,15.375,49.9647864976
1470925849.48,0.5,11.25,40.5831293748
1470925849.52,2.25,20.25,47.3134726123
1470925849.59,1.0,28.5,42.2657151841
1470925849.65,1.0,32.625,48.7279779232
1470925849.71,-2.5,32.25,43.8812808689
1470925849.77,-5.25,35.25,36.8844256647
1470925849.96,-3.25,38.25,49.1289222721
1470925850.02,-5.5,35.625,50.4134633471
1470925850.07,0.5,40.125,38.9821440103
1470925850.13,1.5,36.75,43.8812808689
1470925850.18,-1.0,36.75,43.8812808689
1470925850.27,2.5,38.625,50.4134633471
1470925850.34,3.5,37.5,45.5143264884
1470925850.4,6.25,31.875,46.0946279412
1470925850.44,2.5,33.375,38.9186547498
1470925850.51,6.0,28.875,50.714962178
1470925850.55,3.5,32.25,45.6594018516
1470925850.62,3.5,32.25,45.6594018516
1470925850.68,3.5,28.5,45.6594018516
1470925850.74,5.25,27.0,52.8848478243
1470925850.8,4.0,25.5,47.4657633448
1470925850.85,4.0,22.125,54.5898406677
1470925850.91,4.0,27.375,42.1227053526
1470925850.96,2.25,26.25,54.8008127764
1470925851.02,3.5,28.125,56.740055749
1470925851.08,3.5,27.0,51.1596582143
1470925851.15,3.5,27.0,51.1596582143
1470925851.19,0.0,23.25,51.1596582143
1470925851.26,-1.0,27.375,58.7007053099
1470925851.32,-0.25,26.25,45.0637397338
1470925851.38,-0.75,28.125,50.1726715715
1470925851.43,0.5,32.625,43.8646003057
1470925851.52,2.25,36.75,56.9316796498
1470925851.6,11.5,36.0,51.0496249246
1470925851.66,12.75,28.125,50.1726715715
1470925851.73,18.75,29.625,66.3666552479
1470925851.79,15.25,21.375,39.1781850901
1470925851.9,27.25,15.75,42.8174368673
1470925851.96,40.5,20.625,55.5328823135
1470925852.01,28.25,23.625,48.7757685877
1470925852.05,35.0,22.5,50.0716289813
1470925852.1,32.75,24.375,47.9357968286
1470925852.16,39.5,19.5,49.5376709431
1470925852.23,39.0,21.75,49.5376709431
1470925852.31,46.25,12.375,47.0090636576
1470925852.37,44.5,16.125,54.7559826199
1470925852.43,46.5,15.375,44.5176714981
1470925852.49,53.75,16.5,45.2834426348
1470925852.55,53.75,14.625,49.8532133784
1470925852.62,51.0,15.75,48.4633033446
1470925852.66,53.75,13.875,49.9186865924
1470925852.73,53.5,15.0,48.8271491566
1470925852.79,54.5,24.375,42.1724428159
1470925852.85,50.25,18.75,54.8653423505
1470925852.91,51.5,24.375,42.192221339
1470925852.96,51.5,22.875,54.2614790241
1470925853.02,55.0,31.125,42.192221339
1470925853.09,52.5,27.375,40.5433263659
1470925853.15,54.25,26.25,38.5469179207
1470925853.21,54.75,24.375,57.8151987808
1470925853.27,55.25,27.375,33.430842435
1470925853.34,54.0,30.0,43.8812808689
1470925853.4,54.0,29.625,50.4134633471
1470925853.46,54.0,30.375,38.9821440103
1470925853.51,52.25,31.125,57.8151987808
1470925853.57,53.5,31.875,40.5433263659
1470925853.63,51.75,30.75,38.5469179207
1470925853.71,53.0,27.0,43.8812808689
1470925853.77,56.5,29.25,43.8812808689
1470925853.84,54.0,33.0,43.8812808689
1470925853.9,57.5,34.5,43.8812808689
1470925853.96,55.0,36.0,43.8812808689
1470925854.01,62.0,43.125,37.4190181299
1470925854.05,60.5,41.25,42.2657151841
1470925854.12,61.5,40.875,35.8781811708
1470925854.19,62.5,43.5,40.6688316808
1470925854.26,63.5,43.125,34.360178599
1470925854.32,62.75,42.0,32.8654423717
1470925854.41,63.25,42.0,43.7613379394
1470925854.54,62.0,51.375,32.8654423717
1470925854.76,63.75,45.75,31.546807846
1470925854.87,69.5,40.125,30.1259816958
1470925855.12,64.5,39.75,22.9750135927
1470925855.19,55.75,40.125,21.1682055077
1470925855.29,60.25,28.125,18.7787394832
1470925855.43,72.0,19.125,11.8775886242
1470925855.52,75.0,18.0,22.8253427418
1470925855.68,86.75,0.375,13.689874883
1470925855.77,97.5,-11.25,20.5414757771
1470925855.84,88.75,-10.5,16.0042493705
1470925855.88,91.25,-14.625,10.8650013484
1470925855.94,90.25,-21.75,12.984406992
1470925856.01,88.25,-16.5,11.9671363925
1470925856.05,88.75,-25.5,10.9642458283
1470925856.12,84.0,-24.375,10.4489823598
1470925856.18,86.5,-21.0,13.1852202125
1470925856.24,76.0,-22.875,9.56421182861
1470925856.3,74.75,-25.5,8.39021335211
1470925856.37,77.5,-27.0,18.3450707823
1470925856.49,73.0,-26.625,9.53602493209
1470925856.54,57.0,-29.25,12.1841923065
1470925856.59,61.5,-27.0,12.1841923065
1470925856.65,65.5,-30.75,12.1841923065
1470925856.72,57.5,-30.375,15.7150821391
1470925856.79,47.5,-19.875,9.53602493209
1470925856.85,54.75,-19.875,12.5672955467
1470925856.91,55.0,-17.625,8.68793511966
1470925857.01,50.5,-11.625,14.9739928642
1470925857.07,57.25,-11.625,12.5104040182
1470925857.13,57.75,-11.25,8.66424236508
1470925857.19,58.25,-13.5,7.78094173679
1470925857.27,60.5,-2.25,10.5096679919
1470925857.34,61.5,0.375,6.90755841851
1470925857.4,60.75,-1.5,13.1388641526
1470925857.46,59.5,-1.875,14.2022591798
1470925857.52,59.5,0.75,11.4192434102
1470925857.57,54.25,0.375,11.2701092386
1470925857.63,56.25,3.0,14.9739928642
1470925857.7,52.25,4.5,16.3760075524
1470925857.77,49.0,2.25,13.3039779755
1470925857.84,48.75,6.0,17.1298682749
1470925857.88,50.75,3.75,10.434560251
1470925857.94,50.25,3.75,17.1298682749
1470925858.01,44.5,7.5,14.2604505504
1470925858.07,42.5,5.25,14.2604505504
1470925858.13,40.5,1.5,14.2604505504
1470925858.19,42.0,1.875,18.2908758121
1470925858.26,28.75,4.875,15.0992914778
1470925858.32,36.5,7.5,15.2258655188
1470925858.38,28.5,7.125,11.1190814657
1470925858.44,25.5,9.75,14.1991695055
1470925858.51,24.25,11.25,17.969094362
1470925858.57,25.25,18.375,23.302537946
1470925858.63,25.5,12.75,17.1818725262
1470925858.73,29.75,7.125,25.6998948069
1470925858.79,33.75,4.875,19.6945424125
1470925858.85,35.25,8.25,23.6469722184
1470925858.91,33.25,2.625,29.5818715949
1470925858.97,33.75,9.75,27.2134406843
1470925859.04,34.25,7.5,19.3950832258
1470925859.1,33.0,15.0,32.6239839491
1470925859.18,29.5,25.5,25.2153518754
1470925859.24,30.25,27.75,30.0167575516
1470925859.31,31.5,24.75,26.4157032945
1470925859.43,33.25,28.125,16.6421093836
1470925859.47,44.25,28.5,38.9593913903
1470925859.69,39.0,26.25,27.7190764602
1470925860.09,66.25,-35.625,60.84240812
1470925860.29,32.75,9.0,30.2403612315
1470925860.35,43.25,-18.0,28.8682729418
1470925860.4,43.75,-47.625,44.7408885785
1470925860.79,4.0,40.125,54.5612190622
1470925860.84,21.0,18.0,40.6688316808
1470925860.88,23.25,16.5,47.0563656941
1470925860.93,20.0,19.5,42.2657151841
1470925861.1,18.0,18.75,42.2657151841
1470925861.16,21.25,20.25,35.8781811708
1470925861.44,13.75,16.125,53.8903652623
1470925861.71,-6.25,15.375,43.6024782471
1470925861.77,10.75,16.5,37.4190181299
1470925861.82,6.75,20.25,48.7279779232
1470925861.93,8.75,25.5,51.1876462371
1470925861.98,8.25,13.5,25.5517100904
1470925862.02,9.5,14.25,40.6688316808
1470925862.08,13.0,16.5,40.6688316808
1470925862.15,12.25,18.375,28.1339525604
1470925862.26,14.5,19.125,43.7613379394
1470925862.3,22.5,8.625,32.8654423717
1470925862.35,22.0,12.375,43.7613379394
1470925862.4,20.5,13.5,39.0916684104
1470925862.44,21.5,11.625,32.8654423717
1470925862.49,24.25,9.0,31.546807846
1470925862.54,24.0,5.625,42.0263399417
1470925862.59,23.25,5.25,31.3943017983
1470925862.63,27.25,-3.75,29.9469936666
1470925862.68,30.5,-8.25,34.486680448
1470925862.73,27.25,-7.125,46.3635999913
1470925862.79,29.5,-9.375,31.6319064989
1470925862.84,34.0,-17.25,35.9999093751
1470925862.91,32.5,-25.5,35.9999093751
1470925862.98,35.25,-33.375,36.1524154228
1470925863.05,35.0,-38.25,36.038035887
1470925863.16,36.0,-44.25,36.038035887
1470925863.21,35.25,-54.0,42.0263399417
1470925863.27,32.25,-40.875,37.5351119007
1470925863.32,31.75,-36.375,37.5351119007
1470925863.37,31.25,-39.75,31.546807846
1470925863.43,29.0,-28.5,36.038035887
1470925863.49,29.75,-31.5,42.0263399417
1470925863.59,27.5,-24.375,31.3943017983
1470925863.63,24.75,-13.125,36.1524154228
1470925863.73,21.5,-8.25,36.038035887
1470925863.81,23.0,-4.125,42.0263399417
1470925863.88,20.25,-6.375,37.2183056332
1470925863.94,22.25,-9.75,43.8340813533
1470925864.07,27.0,-4.125,45.181158233
1470925864.15,38.5,-3.75,40.5831293748
1470925864.21,39.0,-0.375,59.3451991949
1470925864.3,42.0,-3.75,32.707327782
1470925864.4,55.5,3.75,42.1320670678
1470925864.48,66.75,14.25,62.257689082
1470925864.54,65.5,9.0,34.0347057614
1470925864.63,72.25,10.5,36.8844256647
1470925864.73,84.75,15.75,49.1289222721
1470925864.82,88.75,13.125,44.253017698
1470925864.88,88.25,17.625,43.6024782471
1470925864.94,82.25,19.875,44.253017698
1470925865.04,85.5,14.625,50.714962178
1470925865.12,87.5,13.875,52.4808358326
1470925865.21,82.5,13.125,40.5433263659
1470925865.34,86.0,6.75,45.6594018516
1470925865.66,99.25,-43.125,32.0846551817
1470925865.77,93.25,-16.125,29.4046668024
1470925865.9,108.75,-18.375,39.2153143754
1470925865.96,100.25,-16.875,51.9664433736
1470925866.09,107.0,-21.375,35.7442402697
1470925866.23,125.75,-14.25,34.360178599
1470925866.38,128.0,-12.75,39.0916684104
1470925866.51,128.75,-1.875,26.877138317
1470925866.57,121.0,-6.0,36.038035887
1470925866.66,129.0,6.75,36.038035887
1470925866.8,139.0,22.125,30.1259816958
1470925866.88,138.75,16.875,34.5600223392
1470925866.94,140.5,13.125,28.8682729418
1470925867.04,140.0,12.0,33.1370849898
1470925867.09,138.5,12.0,21.9680553753
1470925867.15,136.0,13.875,35.8927825696
1470925867.21,134.25,12.75,26.315126574
1470925867.26,133.75,7.125,19.8654873313
1470925867.3,131.5,3.0,27.7496047522
1470925867.35,128.75,-3.75,22.6495622005
1470925867.4,129.0,3.0,26.4745941143
1470925867.44,124.5,6.75,16.4654369241
1470925867.49,126.0,4.5,23.9723048168
1470925867.55,126.75,-3.0,19.0663169532
1470925867.6,131.5,-6.0,22.7458078509
1470925867.65,130.75,-5.25,17.9071759325
1470925867.69,133.0,-6.75,21.5361498713
1470925867.74,141.0,-2.625,25.8461857749
1470925867.8,144.0,-1.875,18.3036229436
1470925867.85,152.25,0.75,16.7657875632
1470925867.9,151.5,-5.25,20.3435592943
1470925867.94,163.25,-6.75,25.1139216024
1470925868.01,158.25,-6.375,12.6370627718
1470925868.05,169.5,-7.125,23.4401028878
1470925868.12,176.25,-7.875,20.837801862
1470925868.16,176.5,-4.875,25.3579896745
1470925868.23,173.5,-6.0,21.6898373707
1470925868.27,182.5,-13.5,12.751162996
1470925868.35,186.5,-20.25,19.4551687771
1470925868.4,188.75,-24.75,15.1547892857
1470925868.49,190.5,-23.625,22.6804533956
1470925868.54,193.5,-24.0,10.9008853589
1470925868.62,196.5,-25.5,17.3165979225
1470925868.66,201.25,-21.375,25.8708813407
1470925868.71,201.25,-15.0,15.1547892857
1470925868.79,198.5,-15.75,18.3800739042
1470925868.85,203.0,-6.75,9.92015434891
1470925868.9,198.0,-13.5,16.2650940154
1470925868.95,198.0,-13.5,16.2650940154
1470925869.01,194.5,-22.875,12.108180029
1470925869.07,195.25,-21.0,11.3642056451
1470925869.12,191.25,-20.625,14.3422649817
1470925869.18,186.25,-23.25,10.3731994275
1470925869.23,187.25,-22.875,13.1454325513
1470925869.27,185.75,-21.75,17.2487773432
1470925869.34,177.25,-18.0,10.2760148267
1470925869.38,172.0,-22.125,9.55728350948
1470925869.44,169.75,-30.375,12.1071411903
1470925869.49,173.25,-30.375,11.8968648764
1470925869.54,171.75,-28.875,19.8366210677
1470925869.59,175.5,-25.875,10.4489823598
1470925869.63,179.0,-19.5,13.1852202125
1470925869.68,176.5,-16.5,13.1852202125
1470925869.72,181.75,-11.625,13.5017058402
1470925869.77,181.5,-13.5,13.2643416195
1470925869.82,184.25,-2.625,13.4228870437
1470925869.88,184.0,-6.75,13.3039779755
1470925869.94,186.75,4.125,21.1602935366
1470925870.01,186.5,5.625,11.3194460354
1470925870.07,185.75,3.75,18.2295149886
1470925870.12,182.75,12.75,19.2562054642
1470925870.16,184.0,9.75,16.2650940154
1470925870.23,184.0,15.0,16.2650940154
1470925870.27,184.0,18.0,16.2650940154
1470925870.34,182.25,32.25,20.2912268285
1470925870.4,180.0,39.75,17.2716272187
1470925870.44,180.75,37.875,16.9126084489
1470925870.49,173.25,39.75,13.2536710694
1470925870.54,174.25,37.125,15.7658541784
1470925870.6,176.25,36.0,19.9168300132
1470925870.66,172.25,32.25,13.2222052808
1470925870.71,176.0,30.75,16.0913301661
1470925870.76,176.0,31.125,20.4534996066
1470925870.8,176.0,28.5,17.1818725262
1470925870.87,177.75,27.0,13.2536710694
1470925870.99,176.5,16.125,11.9671363925
1470925871.13,180.0,7.125,19.3743364892
1470925871.34,165.25,-29.625,8.52415014678
1470925871.43,170.5,-27.75,-1.09332435032
1470925871.49,171.25,-28.875,10.0767155107
1470925871.6,177.75,-58.125,-10.0414935668
1470925871.73,175.75,-42.0,8.65841511151
1470925871.79,195.5,-84.375,-3.14282514651
1470925871.91,191.0,-86.25,3.79088193702
1470925872.05,183.5,-68.25,3.79088193702
1470925872.35,209.75,-90.75,26.9234633793
1470925872.41,191.0,-77.25,9.57402729758
1470925872.6,189.25,-71.625,9.29361550805
1470925872.68,180.0,-48.75,9.5039243502
1470925872.84,184.0,-49.5,16.2731228875
1470925873.1,169.0,-37.875,14.6137511922
1470925873.26,120.25,-24.0,2.14429183098
1470925873.63,48.5,-6.0,16.9548917482
1470925873.96,111.75,-103.125,18.9581816714
1470925874.16,143.0,-72.0,13.3039779755
1470925874.26,160.25,40.125,29.1745749481
1470925874.38,135.5,-1.125,21.7054139608
1470925874.63,134.5,-11.625,22.6804533956
1470925874.73,74.0,-3.375,14.7833684425
1470925874.85,87.5,4.125,14.2248527944
1470925874.91,90.75,1.875,17.4515100341
1470925874.96,85.25,2.25,13.110582294
1470925875.01,76.25,1.875,24.6320596789
1470925875.06,83.75,2.625,9.98986976779
1470925875.1,72.5,7.125,20.2912268285
1470925875.15,74.5,3.75,17.2716272187
1470925875.2,71.5,7.5,17.2716272187
1470925875.27,61.5,5.25,9.25734580716
1470925875.34,56.5,7.125,11.3194460354
1470925875.4,49.75,9.75,10.3731994275
1470925875.44,44.25,9.375,13.1454325513
1470925875.49,40.5,8.25,13.2643416195
1470925875.54,44.25,10.125,5.73481461096
1470925875.6,38.25,12.75,15.2044287659
1470925875.65,43.5,12.375,16.0446352019
1470925875.73,39.0,11.25,5.88394878259
1470925875.77,44.0,9.375,15.0925781371
1470925875.82,44.0,6.75,12.337577092
1470925875.88,47.5,1.5,12.337577092
1470925875.93,48.5,0.375,8.66424236508
1470925875.98,47.75,3.75,15.1694860627
1470925876.02,48.25,3.75,16.1454996821
1470925876.07,48.75,5.625,13.3039779755
1470925876.12,49.25,8.25,17.2116827062
1470925876.16,48.0,9.75,14.2809041582
1470925876.21,46.25,9.375,14.1990897269
1470925876.27,42.25,8.25,10.434560251
1470925876.34,42.5,8.25,13.3039779755
1470925876.38,39.75,8.25,9.5152823668
1470925876.43,41.75,8.25,16.1454996821
1470925876.47,39.5,6.375,17.2116827062
1470925876.52,40.25,7.5,10.3731994275
1470925876.59,39.75,3.75,17.2116827062
1470925876.65,37.5,0.375,10.3731994275
1470925876.74,36.5,1.875,17.2116827062
1470925876.8,33.75,-0.75,18.2295149886
1470925876.87,34.0,3.375,19.3433527723
1470925876.93,29.5,0.375,20.4057491628
1470925877.02,29.25,-2.25,21.5705018493
1470925877.1,19.0,-7.5,18.3800739042
1470925877.16,22.0,-1.125,22.6804533956
1470925877.26,20.0,5.25,19.4551687771
1470925877.32,14.5,10.125,23.8003967771
1470925877.37,15.0,4.5,20.5414757771
1470925877.43,16.5,2.625,16.196247777
1470925877.48,12.0,3.75,19.4551687771
1470925877.54,8.25,0.0,23.8996847438
1470925877.6,14.5,2.25,20.5662977688
1470925877.68,0.5,-14.625,16.121781802
1470925877.76,1.75,-12.0,23.8003967771
1470925877.8,-4.25,-3.75,16.196247777
1470925877.87,1.0,-2.25,19.4551687771
1470925877.91,-5.25,3.0,33.0420754501
1470925877.96,-2.5,2.25,22.8518954453
1470925878.01,-7.0,0.0,22.8518954453
1470925878.05,-2.0,-1.875,27.5532314246
1470925878.1,-5.5,-6.375,19.3258934608
1470925878.15,-3.0,-6.75,22.8518954453
1470925878.21,-6.5,-10.125,27.5532314246
1470925878.26,-4.0,-6.75,24.0272294401
1470925878.32,-2.25,-3.0,28.8935116418
1470925878.37,-1.75,-1.5,20.3775177889
1470925878.44,-3.0,1.875,19.3258934608
1470925878.49,-3.0,0.375,27.5532314246
1470925878.84,-3.0,-8.25,24.0272294401
1470925878.91,-1.25,-11.25,28.8935116418
1470925878.98,-0.75,-10.5,40.4281159938
1470925879.02,-2.0,-6.375,23.8787820349
1470925879.07,-3.75,-7.5,32.9107017087
1470925879.34,-27.0,-20.625,34.3909385961
1470925879.38,-14.75,-10.875,41.4154082818
1470925879.43,-12.75,-8.25,16.7482609959
1470925879.48,-22.0,-4.875,33.8665790576
1470925879.52,-18.0,-6.375,24.6621935271
1470925879.59,-26.0,-1.875,23.3517309906
1470925879.73,-25.5,-5.25,27.4757806634
1470925879.77,-41.5,4.125,42.8742352638
1470925879.84,-31.75,0.375,32.1360167877
1470925879.98,-45.5,-0.75,43.3625719957
1470925880.04,-36.5,-2.625,28.5236716458
1470925880.21,-41.0,2.25,45.0118527581
1470925880.35,-36.0,0.0,35.9999093751
1470925880.51,-6.25,9.375,61.2417204794
1470925881.26,44.25,-18.75,62.9319669256
1470925881.4,-1.75,-82.125,33.4995702703
1470925881.65,-7.25,-79.125,72.2758544698
1470925882.4,11.5,109.875,29.68261407
1470925882.49,-2.75,19.5,38.7732436719
1470925882.57,-5.0,24.375,12.2294983196
1470925882.65,-4.25,20.625,24.4342322983
1470925882.71,-6.5,25.125,27.5160103587
1470925882.8,-11.0,33.0,20.7110741893
1470925882.88,-11.25,31.875,18.7329207888
1470925883.01,-11.0,22.875,12.0542610837
1470925883.3,7.25,-9.375,-26.4373562578
1470925883.4,6.5,12.0,-3.41489631456
1470925883.46,14.75,13.875,-11.9595153208
1470925883.6,17.5,20.25,-9.28524128982
1470925883.65,30.25,28.875,-17.5807358037
1470925883.72,17.5,22.875,-7.69292838296
1470925883.79,25.5,25.5,-16.8761769132
1470925883.85,23.25,25.125,-25.3612206173
1470925883.91,17.75,22.125,-23.9470758222
1470925883.97,19.0,21.375,-18.2799859507
1470925884.07,12.0,16.875,-24.6619776823
1470925884.19,1.25,16.5,-32.4616294745
1470925884.27,-1.5,16.875,-30.3657719935
1470925884.33,-2.0,23.625,-38.0591153762
1470925884.4,2.0,22.125,-30.2899900905
1470925884.46,2.75,22.875,-33.8463832892
1470925884.52,-1.25,29.25,-32.4593957073
1470925884.59,0.75,30.375,-35.9741182583
1470925884.65,5.5,36.375,-34.6044901727
1470925884.69,6.5,38.25,-32.4499888839
1470925884.76,5.75,33.75,-35.2337272656
1470925884.83,9.75,41.25,-35.9477804965
1470925884.99,28.75,49.875,-39.5031342079
1470925885.15,28.25,51.375,-35.3299770769
1470925885.29,18.75,42.0,-38.0627650896
1470925885.43,10.5,25.5,-41.5964975656
1470925885.55,1.5,33.0,-37.5160156371
1470925885.73,2.75,22.125,-43.0690303794
1470925885.82,16.0,11.25,-38.8276062201
1470925885.94,19.75,18.75,-47.2526462376
1470925886.07,46.75,28.5,-43.6878667829
1470925886.13,30.0,24.0,-41.6223663641
1470925886.18,44.25,25.875,-47.2792206136
1470925886.26,51.5,30.375,-51.5298511441
1470925886.38,71.5,32.625,-47.9803350122
1470925886.59,62.25,18.0,-48.7013347487
1470925886.73,47.5,37.875,-49.3946155276
1470925886.8,11.5,45.0,-47.2792206136
1470925886.99,-64.25,24.75,-67.1462698623
1470925887.15,-76.25,33.375,-57.9021170614
1470925887.34,-60.5,36.0,-59.4346062328
1470925887.44,-112.0,-1.875,-52.3580514767
1470925887.49,-48.5,-6.75,-60.2774256577
1470925887.54,-37.0,-4.125,-53.1820872705
1470925887.6,-38.25,-3.75,-46.8742643955
1470925887.73,-4.25,-8.625,-58.7729548519
1470925887.77,31.75,-12.375,-48.8872879625
1470925887.84,31.0,-19.875,-61.7527475312
1470925887.91,17.75,-15.75,-52.3013959613
1470925887.96,81.0,-11.625,-63.1636260963
1470925888.01,71.5,-1.5,-39.4488311635
1470925888.07,58.25,-2.625,-46.7317795116
1470925888.12,67.25,-6.0,-48.0138728068
1470925888.16,59.75,-6.0,-47.2890003146
1470925888.21,65.75,-9.75,-47.0646705773
1470925888.27,58.75,-11.25,-51.8737581508
1470925888.34,48.75,-20.25,-36.1125499108
1470925888.38,44.5,-21.0,-41.0948408079
1470925888.44,41.5,-18.375,-42.412751106
1470925888.49,29.75,-22.875,-39.9311763814
1470925888.54,19.0,-27.0,-33.5236641955
1470925888.59,36.5,-22.5,-40.801490057
1470925888.63,6.75,-35.625,-37.0118416081
1470925888.69,19.25,-31.5,-31.99688229
1470925888.74,11.5,-38.625,-42.263431268
1470925888.79,9.25,-36.75,-31.2384201579
1470925888.87,14.5,-38.25,-37.0469991072
1470925888.91,8.25,-45.375,-24.8239136091
1470925888.96,11.0,-49.125,-25.1146749595
1470925889.02,13.5,-47.25,-31.7720895394
1470925889.07,20.5,-43.125,-27.4026038054
1470925889.12,20.75,-44.25,-20.8673020906
1470925889.16,29.25,-44.25,-24.980488653
1470925889.24,34.5,-51.75,-16.2472845694
1470925889.3,38.5,-51.0,-24.6231331972
1470925889.35,35.5,-48.75,-24.6231331972
1470925889.46,49.75,-43.125,-19.0422132264
1470925889.52,48.25,-40.875,-17.6490781657
1470925889.57,46.5,-40.5,-26.5198261838
1470925889.65,53.75,-40.875,-17.4137827045
1470925889.71,59.0,-36.375,-19.2579410565
1470925889.76,63.0,-36.0,-25.7437309853
1470925889.82,63.5,-36.375,-19.8259971406
1470925889.88,68.25,-33.75,-13.6759178023
1470925889.98,73.5,-34.125,-12.7595981
1470925890.04,72.25,-31.5,-14.6053961958
1470925890.09,69.5,-20.625,-12.8360067088
1470925890.16,68.75,-7.875,-15.1450223641
1470925890.26,74.5,6.0,-9.40200654664
1470925890.32,92.25,22.125,-12.2862520176
1470925890.4,81.25,19.875,-13.2532332301
1470925890.44,82.75,15.375,-7.96511211964
1470925890.51,82.5,10.125,-9.60487316636
1470925890.55,81.75,9.375,-11.1106105352
1470925890.6,78.75,8.625,-5.79558219532
1470925890.65,78.25,7.875,-9.67215203154
1470925890.73,77.75,3.375,-4.29072398089
1470925890.77,80.75,-0.75,-5.55480528583
1470925890.82,76.0,0.0,-7.78382538942
1470925890.87,76.75,0.375,-2.13368993877
1470925890.91,74.5,1.5,-6.37129152676
1470925890.98,71.75,1.5,-3.41787577289
1470925891.04,72.0,-0.375,-2.93644143928
1470925891.09,67.5,0.75,-4.95881355104
1470925891.13,69.0,-3.0,-4.95881355104
1470925891.18,62.75,-4.5,-7.93546112394
1470925891.26,65.5,-4.125,-3.05573967472
1470925891.32,54.0,-6.75,-5.04116650188
1470925891.37,55.25,-6.375,-5.4642278129
1470925891.41,56.25,-5.25,-2.10327570774
1470925891.46,56.5,-3.375,-1.79268924986
1470925891.51,52.0,-2.625,-6.33101421114
1470925891.55,43.0,-7.5,0.772734828802
1470925891.6,46.0,-10.875,-5.66175372083
1470925891.65,37.0,-22.5,-3.73768566183
1470925891.69,29.5,-26.625,-12.4379287544
1470925891.74,35.0,-22.5,-5.91274643497
1470925891.79,20.75,-25.875,-6.47099938573
1470925891.84,24.0,-20.625,-8.57639790632
1470925891.9,21.0,-21.75,-6.68333173108
1470925891.98,5.75,-21.75,-14.8697140369
1470925892.04,-2.5,-21.75,-13.921312047
1470925892.09,-20.0,-10.5,-15.3205656543
1470925892.15,-9.0,-15.375,-14.0340316519
1470925892.19,-18.25,-12.75,-20.9759021289
1470925892.26,-16.75,-15.0,-17.2823187845
1470925892.32,-25.5,-13.125,-23.6941949086
1470925892.4,-25.25,-10.5,-25.4324952802
1470925892.51,-18.25,-12.75,-22.2785008808
1470925892.69,-18.75,-12.75,-28.2594178934
1470925892.82,-5.25,34.125,-61.5798498742
1470925892.96,-19.25,36.0,-51.5449629999
1470925893.13,-24.25,34.875,-42.4946107263
1470925893.3,-49.5,43.5,-49.5558893789
1470925893.38,-74.25,15.375,-63.995681984
1470925893.55,-75.5,-0.75,-52.8314161493
1470925893.68,-90.75,9.375,-42.6738580978
1470925893.77,-97.0,29.625,-50.4078211333
1470925893.84,-93.0,36.375,-45.2234248602
1470925893.9,-86.75,37.5,-45.2031088507
1470925893.96,-85.75,40.125,-46.0566156989
1470925894.02,-92.5,43.875,-43.9869456474
1470925894.09,-92.0,55.125,-54.6191669434
1470925894.15,-97.5,69.375,-50.5707414149
1470925894.21,-91.75,58.5,-45.5874877822
1470925894.26,-94.0,58.125,-50.4563043914
1470925894.32,-89.75,57.0,-45.4754470734
1470925894.38,-91.0,55.125,-50.3571134533
1470925894.44,-85.75,56.25,-45.3792557137
1470925894.51,-82.5,56.25,-47.6636205033
1470925894.57,-80.5,54.375,-56.3471786914
1470925894.63,-76.75,53.625,-55.4726597854
1470925894.69,-72.5,58.5,-51.2440474841
1470925894.76,-66.0,54.375,-59.9344201129
1470925894.81,-58.5,44.25,-53.4166406413
1470925894.87,-60.5,43.5,-53.4166406413
1470925894.91,-47.0,34.875,-50.8470560379
1470925894.96,-39.25,29.625,-58.4081115526
1470925895.02,-46.75,28.125,-54.7190251019
1470925895.1,-21.5,-3.75,-55.5661115611
1470925895.16,-33.5,7.5,-56.1126394649
1470925895.21,-9.5,1.125,-56.405578102
1470925895.26,1.25,9.0,-43.1716661323
1470925895.3,-5.0,9.0,-52.3064624272
1470925895.35,24.5,3.375,-61.1958420141
1470925895.4,13.75,-2.625,-53.3679522538
1470925895.44,43.75,-15.75,-44.2680900517
1470925895.51,33.5,-15.75,-51.7459676802
1470925895.56,48.25,-18.375,-50.7126649788
1470925895.62,41.0,-18.375,-53.7794426004
1470925895.69,62.5,-24.375,-38.6385805566
1470925895.79,57.5,-22.5,-44.2101186324
1470925895.88,60.75,-22.125,-42.0331387681
1470925895.96,72.25,-32.25,-38.4483022206
1470925896.01,66.5,-33.0,-37.5815838549
1470925896.07,60.75,-32.25,-39.2655963781
1470925896.21,63.0,-45.0,-33.0063827151
1470925896.34,60.5,-36.0,-39.5700631429
1470925896.51,37.75,-69.75,-31.9319251339
1470925896.65,48.75,-55.125,-36.4009872526
1470925896.8,61.25,-14.25,-31.7043773152
1470925896.91,67.25,-31.125,-34.8991092658
1470925896.99,91.75,-34.5,-27.8469899793
1470925897.13,104.75,-28.875,-26.1640584663
1470925897.26,78.5,-32.25,-31.8302284716
1470925897.43,111.75,-17.25,-14.299961296
1470925897.49,96.75,-28.125,-14.5982578298
1470925897.56,88.75,-25.125,-17.8936294698
1470925897.72,91.75,-22.5,-13.6869805013
1470925897.91,94.0,-24.75,-20.4091629285
1470925898.07,82.75,-21.0,-11.9340556209
1470925898.24,83.75,-25.125,-12.6336803747
1470925898.38,57.75,-7.125,-0.165114195433
1470925898.51,33.5,7.125,1.30965746813
1470925898.71,52.0,0.0,7.42457144422
1470925898.8,46.25,14.25,9.74372140011
1470925899.02,54.0,18.0,-1.34494452638
1470925899.1,67.0,25.875,7.23212176327
1470925899.34,59.5,13.875,3.64394101961
1470925899.41,45.5,3.75,13.6895578923
1470925899.65,39.75,-4.5,1.32556926228
1470925900.1,-22.5,-38.625,12.7915775941
1470925900.19,-36.5,0.375,9.06243718178
1470925900.24,18.0,9.375,9.84310951132
1470925900.3,14.75,10.5,3.89618175274
1470925900.37,17.0,31.875,9.61943093674
1470925900.41,19.75,35.625,0.792294123009
1470925900.48,24.75,30.75,9.32436918007
1470925900.52,44.75,30.0,10.2727144514
1470925900.57,40.0,24.0,14.9765672637
1470925900.63,37.0,28.125,6.13014713377
1470925900.71,47.75,8.25,12.2701618688
1470925900.76,45.25,-3.0,13.2376150737
1470925900.81,39.0,10.5,10.4373470311
1470925900.87,37.25,-0.75,14.2157983761
1470925900.91,35.0,-5.25,11.3819598673
1470925900.96,30.5,-9.75,11.3819598673
1470925901.02,30.25,-10.5,15.2044287659
1470925901.09,20.0,-17.25,12.337577092
1470925901.13,16.0,-10.5,19.7839467462
1470925901.18,12.0,-1.125,17.969094362
1470925901.24,16.75,-3.0,10.9642458283
1470925901.3,15.25,-1.5,25.8989220212
1470925901.35,3.25,-1.875,16.3355911221
1470925901.4,7.5,-6.75,16.8696766265
1470925901.44,7.25,-10.125,25.3040788548
1470925901.51,2.25,-18.0,14.2811914423
1470925901.57,1.5,-16.875,14.0666892611
1470925901.62,-0.5,-9.75,16.8696766265
1470925901.66,2.75,-8.25,29.1958005555
1470925901.73,4.0,6.375,16.059485908
1470925901.77,4.0,1.875,22.8699988842
1470925901.82,7.5,9.75,19.9512076087
1470925901.87,8.5,8.625,16.059485908
1470925901.91,16.5,18.375,22.8699988842
1470925901.96,16.0,18.0,19.9512076087
1470925902.01,19.75,21.0,24.8673307177
1470925902.05,20.5,20.25,21.180238386
1470925902.1,22.5,18.0,21.180238386
1470925902.15,28.0,10.5,21.180238386
1470925902.21,31.0,5.625,17.144635975
1470925902.27,25.25,7.5,15.3990953845
1470925902.34,29.25,2.25,23.7505195822
1470925902.38,23.75,3.0,15.3990953845
1470925902.44,19.75,-2.25,14.2811914423
1470925902.49,11.25,-5.25,13.1820335259
1470925902.54,14.75,-0.75,21.270484915
1470925902.59,2.75,-8.25,13.1820335259
1470925902.65,3.5,-9.375,13.0408890993
1470925902.69,-4.75,-21.0,11.3242256307
1470925902.74,-0.5,-19.5,14.6410115034
1470925902.84,-6.0,-35.625,11.1710570203
1470925902.9,-12.5,-51.375,10.3189226414
1470925902.94,-4.25,-55.125,13.5380405916
1470925902.99,-4.75,-57.75,17.1884536932
1470925903.04,0.0,-60.0,14.0972994968
1470925903.1,1.0,-75.75,14.0972994968
1470925903.15,2.0,-86.625,10.4489823598
1470925903.19,3.0,-85.125,16.8335373496
1470925903.27,11.0,-103.5,22.5073901577
1470925903.34,14.0,-104.625,12.3039955891
1470925903.38,15.25,-105.75,19.3827795052
1470925903.43,12.5,-100.875,12.276945417
1470925903.49,15.25,-99.75,19.3433527723
1470925903.55,16.75,-97.875,16.1997335343
1470925903.63,16.5,-100.875,12.108180029
1470925903.68,14.0,-99.75,15.2258655188
1470925903.74,12.25,-101.625,14.8890063222
1470925903.79,10.0,-108.0,15.1416507196
1470925903.87,12.5,-107.25,15.1416507196
1470925903.91,5.5,-101.25,15.1416507196
1470925903.96,3.5,-96.0,15.1416507196
1470925904.01,3.25,-96.75,18.9403685055
1470925904.05,-1.75,-93.375,16.5252981497
1470925904.1,1.0,-93.0,16.199822162
1470925904.15,-3.5,-84.0,16.199822162
1470925904.21,-2.0,-87.0,16.199822162
1470925904.27,-6.5,-83.625,11.9671363925
1470925904.32,-5.0,-87.0,15.1416507196
1470925904.43,-6.0,-87.0,15.1416507196
1470925904.49,-1.75,-79.5,11.3717258631
1470925904.54,-3.0,-82.125,18.3059535586
1470925904.59,-1.25,-83.25,11.3642056451
1470925904.77,1.0,-83.25,14.2604505504
1470925904.9,14.25,-103.875,14.3422649817
1470925905.15,69.5,-153.375,10.3731994275
1470925905.19,29.0,-123.75,13.3039779755
1470925905.26,32.75,-134.25,9.5152823668
1470925905.43,37.0,-142.125,23.8330498551
1470925905.6,22.5,-143.25,7.37976992145
1470925905.71,18.75,-99.0,9.55728350948
1470925905.82,16.25,-100.875,-2.34546810887
1470925905.88,19.0,-117.0,8.66681579175
1470925906.04,25.0,-114.75,8.66681579175
1470925906.13,36.5,-114.75,8.66681579175
1470925906.18,30.0,-114.75,8.66681579175
1470925906.32,45.0,-120.375,5.47684424135
1470925906.48,50.0,-117.0,1.05011842227
1470925906.71,48.0,-105.75,12.9837262656
1470925906.77,40.5,-112.5,1.17513042752
1470925906.82,38.75,-121.875,6.19577478499
1470925906.87,40.0,-120.0,6.19577478499
1470925906.91,38.25,-127.125,6.19577478499
1470925906.96,39.5,-125.25,6.19577478499
1470925907.01,37.75,-126.75,9.52678330609
1470925907.07,39.0,-126.375,3.69751839417
1470925907.12,39.0,-125.25,6.19577478499
1470925907.16,40.75,-117.75,9.46243094254
1470925907.21,39.5,-114.75,7.01243882438
1470925907.26,39.5,-96.75,7.01243882438
1470925907.3,37.75,-93.375,7.07679118793
1470925907.4,32.0,-67.875,10.3917108708
1470925907.44,26.5,-34.875,4.50613894861
1470925907.54,25.25,-54.375,0.460336204681
1470925907.69,24.5,-6.0,11.8903175847
1470925907.74,29.5,35.25,6.49890146567
1470925907.79,34.75,3.375,6.43656905574
1470925907.88,38.0,31.125,3.2225150351
1470925907.96,38.25,49.125,6.38076212432
1470925908.01,45.0,91.125,9.50992261074
1470925908.09,42.75,94.875,7.20474867303
1470925908.15,40.75,89.625,13.7745790717
1470925908.19,44.75,126.0,-1.21734823528
1470925908.32,44.5,121.125,9.52678330609
1470925908.55,54.25,196.5,3.69751839417
1470925908.6,45.5,151.875,9.46243094254
1470925908.69,43.75,148.125,21.0013554944
1470925908.77,52.0,158.25,-3.41489631456
1470925908.84,52.25,166.5,10.3917108708
1470925908.88,48.5,172.5,7.86932290415
1470925908.94,50.25,171.0,4.50613894861
1470925909.01,52.5,177.75,7.02852691527
1470925909.07,57.0,178.5,7.02852691527
1470925909.13,57.25,177.75,10.3917108708
1470925909.21,58.75,173.625,1.17513042752
1470925909.26,60.25,171.0,9.46243094254
1470925909.32,60.0,173.25,7.01243882438
1470925909.37,61.0,171.375,10.4399751435
1470925909.41,69.0,180.0,7.86932290415
1470925909.47,72.0,188.625,11.3319057655
1470925909.52,68.0,186.375,5.27238575815
1470925909.57,72.5,186.75,7.86932290415
1470925909.65,83.25,184.5,11.2636940085
1470925909.71,84.25,186.375,15.8125389075
1470925909.76,82.5,181.5,10.4915714871
1470925909.82,81.0,181.875,6.82139472917
1470925909.88,87.25,171.75,6.14958082817
1470925909.93,81.0,165.375,5.19111152992
1470925909.99,81.0,167.625,11.363018793
1470925910.05,79.25,154.125,1.89600825683
1470925910.13,78.75,149.25,-2.69819304013
1470925910.18,83.5,152.625,7.73079567306
1470925910.4,100.25,148.5,2.10713457475
1470925910.46,111.0,154.875,1.49778655262
1470925910.68,132.0,131.25,-8.17535762692
1470925910.96,150.0,82.875,-13.6259842767
1470925911.12,133.25,65.625,-14.3908881731
1470925911.29,153.5,19.5,4.72360776411
1470